#
# A fatal error has been detected by the Java Runtime Environment:
#
#  SIGSEGV (0xb) at pc=0x00007e413b7bc3fd, pid=590584, tid=590584
#
# JRE version: OpenJDK Runtime Environment (17.0.16+8) (build 17.0.16+8-Ubuntu-0ubuntu122.04.1)
# Java VM: OpenJDK 64-Bit Server VM (17.0.16+8-Ubuntu-0ubuntu122.04.1, mixed mode, tiered, compressed oops, compressed class ptrs, g1 gc, linux-amd64)
# Problematic frame:
# C  [_jpype.cpython-310-x86_64-linux-gnu.so+0x7c3fd]  PyJPClass_create(JPJavaFrame&, JPClass*)+0xd
#
# Core dump will be written. Default location: Core dumps may be processed with "/usr/share/apport/apport -p%p -s%s -c%c -d%d -P%P -u%u -g%g -F%F -- %E" (or dumping to /home/kgorna/Documents/zorya/core.590584)
#
# If you would like to submit a bug report, please visit:
#   https://bugs.launchpad.net/ubuntu/+source/openjdk-17
# The crash happened outside the Java Virtual Machine in native code.
# See problematic frame for where to report the bug.
#

---------------  S U M M A R Y ------------

Command Line: -Djava.system.class.loader=ghidra.GhidraClassLoader -Dfile.encoding=UTF8 -Duser.country=US -Duser.language=en -Duser.variant= -Dsun.java2d.opengl=false -Dsun.java2d.pmoffscreen=false -Dsun.java2d.xrender=true -Dsun.java2d.uiScale=1 -Dawt.useSystemAAFontSettings=on -Djdk.tls.client.protocols=TLSv1.2,TLSv1.3 -Dcpu.core.limit= -Dcpu.core.override= -Dfont.size.override= -Dpython.console.encoding=UTF-8 -Xshare:off 

Host: AMD Ryzen 7 PRO 4750U with Radeon Graphics, 16 cores, 14G, Ubuntu 22.04.5 LTS
Time: Tue Sep  9 15:27:23 2025 CEST elapsed time: 0.797684 seconds (0d 0h 0m 0s)

---------------  T H R E A D  ---------------

Current thread (0x00005df4855ebda0):  JavaThread "main" [_thread_in_native, id=590584, stack(0x00007ffcfa313000,0x00007ffcfa413000)]

Stack: [0x00007ffcfa313000,0x00007ffcfa413000],  sp=0x00007ffcfa40deb0,  free space=1003k
Native frames: (J=compiled Java code, j=interpreted, Vv=VM code, C=native code)
C  [_jpype.cpython-310-x86_64-linux-gnu.so+0x7c3fd]  PyJPClass_create(JPJavaFrame&, JPClass*)+0xd


siginfo: si_signo: 11 (SIGSEGV), si_code: 1 (SEGV_MAPERR), si_addr: 0x0000000000000088

Registers:
RAX=0x00007ffcfa40df18, RBX=0x00007ffcfa40df30, RCX=0x0000000000000000, RDX=0x0000000000000000
RSP=0x00007ffcfa40deb0, RBP=0x00007e413b86b780, RSI=0x00007ffcfa40df30, RDI=0x00007ffcfa40df30
R8 =0x00007e40f8405b40, R9 =0x0000000000000001, R10=0x00007e413ad806e0, R11=0x0000000000000246
R12=0x00007ffcfa40df50, R13=0x00007ffcfa40df50, R14=0x00007e413afb1f00, R15=0x00007ffcfa40df10
RIP=0x00007e413b7bc3fd, EFLAGS=0x0000000000010202, CSGSFS=0x002b000000000033, ERR=0x0000000000000004
  TRAPNO=0x000000000000000e

XMM[0]=0x0000000000000000 0x0000000000000000
XMM[1]=0x0000000000000000 0x00005df4855cdf28
XMM[2]=0x00005df4855cdf28 0x00005df4855cdf50
XMM[3]=0x00005df4855ae490 0x00005df4855ae480
XMM[4]=0x0000000000000000 0x00005df4855ebda0
XMM[5]=0x00007ffcfa40dd19 0x00007ffcfa40dcd8
XMM[6]=0x00007ffcfa40d750 0x00007ffcfa40d918
XMM[7]=0x00007ffcfa40d700 0x0000000000000000
XMM[8]=0x0000000000000000 0x00007e413b8711d0
XMM[9]=0x0000000000000000 0x0000000000000001
XMM[10]=0x0000000000000000 0x0000000000000005
XMM[11]=0x0000000000000000 0x00005df4861a78a0
XMM[12]=0x0000000000000000 0x00005df485328770
XMM[13]=0x0000000000000000 0x00007e413b857510
XMM[14]=0x0000000000000000 0x59f111f13956c25b
XMM[15]=0x0000000000000000 0xffffffffffffffff
  MXCSR=0x00001fa0


Register to memory mapping:

RAX=0x00007ffcfa40df18 is pointing into the stack for thread: 0x00005df4855ebda0
RBX=0x00007ffcfa40df30 is pointing into the stack for thread: 0x00005df4855ebda0
RCX=0x0 is NULL
RDX=0x0 is NULL
RSP=0x00007ffcfa40deb0 is pointing into the stack for thread: 0x00005df4855ebda0
RBP=0x00007e413b86b780 points into unknown readable memory: 0x0000000000000005 | 05 00 00 00 00 00 00 00
RSI=0x00007ffcfa40df30 is pointing into the stack for thread: 0x00005df4855ebda0
RDI=0x00007ffcfa40df30 is pointing into the stack for thread: 0x00005df4855ebda0
R8 ={method} {0x00007e40f8405b40} 'findClass' '(Ljava/lang/Class;)J' in 'org/jpype/manager/TypeManager'
R9 =0x0000000000000001 is an unknown value
R10=0x00007e413ad806e0: <offset 0x00000000013806e0> in /usr/lib/jvm/java-17-openjdk-amd64/lib/server/libjvm.so at 0x00007e4139a00000
R11=0x0000000000000246 is an unknown value
R12=0x00007ffcfa40df50 is pointing into the stack for thread: 0x00005df4855ebda0
R13=0x00007ffcfa40df50 is pointing into the stack for thread: 0x00005df4855ebda0
R14=0x00007e413afb1f00 points into unknown readable memory: 0x0000000000000001 | 01 00 00 00 00 00 00 00
R15=0x00007ffcfa40df10 is pointing into the stack for thread: 0x00005df4855ebda0


Top of Stack: (sp=0x00007ffcfa40deb0)
0x00007ffcfa40deb0:   00005df48544c1d0 00005df4855ec050
0x00007ffcfa40dec0:   00007ffcfa400100 00007e413b7a8272
0x00007ffcfa40ded0:   00007ffcfa40df30 00007ffcfa40df30
0x00007ffcfa40dee0:   00007e413b884d10 00007e413b7c4f3d
0x00007ffcfa40def0:   00007ffcfa40df18 00007ffcfa40df28
0x00007ffcfa40df00:   00005df48544c1d0 00005df485576ae8
0x00007ffcfa40df10:   00005df4861a50d8 0000000000000000
0x00007ffcfa40df20:   00007e413b87d340 00007e413b856750
0x00007ffcfa40df30:   00005df48544c1d0 00005df4855ec050
0x00007ffcfa40df40:   00005df483bc0100 00005df485354ca0
0x00007ffcfa40df50:   00005df485b59ce8 00005df483bde33f
0x00007ffcfa40df60:   00007e413afd15b8 00005df485344520
0x00007ffcfa40df70:   00007e413afc4e40 00005df485469ee0
0x00007ffcfa40df80:   00007e413b884d10 00005df48559e250
0x00007ffcfa40df90:   00007e413bb303c2 00005df48559e260
0x00007ffcfa40dfa0:   00005df483fa1300 00005df483bc756d
0x00007ffcfa40dfb0:   00005df48559e250 00005df485344520
0x00007ffcfa40dfc0:   00007e413bb94f90 00005df483bc7419
0x00007ffcfa40dfd0:   00005df485344520 00007ffcfa40e0f0
0x00007ffcfa40dfe0:   00005df48559e0a0 00005df485344520
0x00007ffcfa40dff0:   00005df48559e248 00005df483bb1820
0x00007ffcfa40e000:   00007e413bb30350 00005df48559e200
0x00007ffcfa40e010:   00007e413bbb47c0 00005df485328534
0x00007ffcfa40e020:   00007e413bbb4720 00007e413bb14ac0
0x00007ffcfa40e030:   00005df485344520 00005df483fb57c0
0x00007ffcfa40e040:   00007e413bb94f90 00005df4853284f0
0x00007ffcfa40e050:   00007e413bb9b6c0 00007e413bb634a0
0x00007ffcfa40e060:   00005df48559e240 0000000000000000
0x00007ffcfa40e070:   00007e413bbad240 00007ffcfa40e150
0x00007ffcfa40e080:   00007ffcfa40e128 0000000000000000
0x00007ffcfa40e090:   00005df483fe5b20 0000000000000000
0x00007ffcfa40e0a0:   00007e413bb76e00 0000000000000003 

Instructions: (pc=0x00007e413b7bc3fd)
0x00007e413b7bc2fd:   fc ff 4c 89 ef 41 b8 01 00 00 00 31 d2 b9 08 00
0x00007e413b7bc30d:   00 00 4c 89 f6 e8 89 f2 fb ff 4c 89 e7 e8 e1 f2
0x00007e413b7bc31d:   fb ff 48 85 c0 74 2c 8b b8 80 00 00 00 c1 ef 11
0x00007e413b7bc32d:   83 e7 01 e8 4b f4 fb ff 4c 89 ef 49 89 c4 e8 a0
0x00007e413b7bc33d:   08 fc ff 48 83 c4 28 4c 89 e0 5d 41 5c 41 5d 41
0x00007e413b7bc34d:   5e c3 90 4c 89 ef e8 88 08 fc ff e9 50 ff ff ff
0x00007e413b7bc35d:   0f 1f 00 48 8b 05 49 fb 03 00 49 89 e5 c7 44 24
0x00007e413b7bc36d:   10 de 00 00 00 4c 89 ee 48 8b 28 48 8d 05 3e 51
0x00007e413b7bc37d:   01 00 48 89 04 24 48 8d 05 49 51 01 00 48 89 ef
0x00007e413b7bc38d:   48 89 44 24 08 e8 19 16 fc ff 4c 89 ef 41 b8 01
0x00007e413b7bc39d:   00 00 00 31 d2 b9 08 00 00 00 48 89 ee e8 f1 f1
0x00007e413b7bc3ad:   fb ff 4c 89 e7 e8 49 f2 fb ff 31 ff 48 85 c0 74
0x00007e413b7bc3bd:   0c 8b b8 80 00 00 00 c1 ef 09 83 e7 01 e8 b1 f3
0x00007e413b7bc3cd:   fb ff e9 61 ff ff ff 48 89 c5 e9 ed d7 fc ff 48
0x00007e413b7bc3dd:   89 c5 e9 e5 d7 fc ff 66 66 2e 0f 1f 84 00 00 00
0x00007e413b7bc3ed:   00 00 90 41 54 49 89 fc 48 89 f7 53 48 83 ec 28
0x00007e413b7bc3fd:   48 8b b2 88 00 00 00 48 85 f6 74 17 4c 89 e7 e8
0x00007e413b7bc40d:   7f 0b fc ff 48 83 c4 28 4c 89 e0 5b 41 5c c3 0f
0x00007e413b7bc41d:   1f 40 00 48 89 d6 48 89 d3 e8 a5 f3 fb ff 48 8b
0x00007e413b7bc42d:   b3 88 00 00 00 eb d5 48 89 c7 48 89 d0 e9 9a d7
0x00007e413b7bc43d:   fc ff 90 41 57 41 56 41 55 49 89 f5 41 54 55 48
0x00007e413b7bc44d:   89 d5 53 48 83 ec 68 48 89 7c 24 08 48 89 d7 e8
0x00007e413b7bc45d:   af 0b fc ff 48 8b 05 48 fa 03 00 4c 8d 64 24 40
0x00007e413b7bc46d:   48 c7 44 24 10 00 00 00 00 4c 8d 74 24 10 4c 89
0x00007e413b7bc47d:   e6 c7 44 24 50 de 00 00 00 48 8b 18 48 8d 05 2d
0x00007e413b7bc48d:   50 01 00 48 89 44 24 40 48 8d 05 37 50 01 00 48
0x00007e413b7bc49d:   89 df 48 89 44 24 48 e8 07 15 fc ff 48 8b 45 20
0x00007e413b7bc4ad:   48 8b 15 7c f6 03 00 31 c9 48 89 ef 48 8b 35 70
0x00007e413b7bc4bd:   f9 03 00 48 89 04 24 e8 07 05 fc ff 48 39 c5 0f
0x00007e413b7bc4cd:   84 fe 01 00 00 f6 85 83 00 00 00 01 0f 85 c1 01
0x00007e413b7bc4dd:   00 00 48 39 ab b8 00 00 00 0f 84 fa 02 00 00 48
0x00007e413b7bc4ed:   8b 45 00 4c 8d 74 24 10 48 89 ef ff 50 10 84 c0 


Stack slot to memory mapping:
stack at sp + 0 slots: 0x00005df48544c1d0 points into unknown readable memory: 0x00007e413b7f9ca0 | a0 9c 7f 3b 41 7e 00 00
stack at sp + 1 slots: 0x00005df4855ec050 points into unknown readable memory: 0x00007e413ad08500 | 00 85 d0 3a 41 7e 00 00
stack at sp + 2 slots: 0x00007ffcfa400100 is pointing into the stack for thread: 0x00005df4855ebda0
stack at sp + 3 slots: 0x00007e413b7a8272: _ZN11JPJavaFrame12IsInstanceOfEP8_jobjectP7_jclass+0x0000000000000022 in /home/kgorna/.local/lib/python3.10/site-packages/_jpype.cpython-310-x86_64-linux-gnu.so at 0x00007e413b740000
stack at sp + 4 slots: 0x00007ffcfa40df30 is pointing into the stack for thread: 0x00005df4855ebda0
stack at sp + 5 slots: 0x00007ffcfa40df30 is pointing into the stack for thread: 0x00005df4855ebda0
stack at sp + 6 slots: 0x00007e413b884d10 points into unknown readable memory: 0x0000000000000006 | 06 00 00 00 00 00 00 00
stack at sp + 7 slots: 0x00007e413b7c4f3d: <offset 0x0000000000084f3d> in /home/kgorna/.local/lib/python3.10/site-packages/_jpype.cpython-310-x86_64-linux-gnu.so at 0x00007e413b740000


---------------  P R O C E S S  ---------------

Threads class SMR info:
_java_thread_list=0x00007e410001fed0, length=17, elements={
0x00005df4855ebda0, 0x00005df4857f4c10, 0x00005df4857f6220, 0x00005df4858324b0,
0x00005df4858271c0, 0x00005df485828070, 0x00005df485829aa0, 0x00005df48582afd0,
0x00005df48582c440, 0x00005df4858d75d0, 0x00005df48592fbd0, 0x00007e40d8077cf0,
0x00007e40d8133e90, 0x00007e40d8134f20, 0x00007e40c0009340, 0x00007e40cc098d50,
0x00007e40e8001a40
}

Java Threads: ( => current thread )
=>0x00005df4855ebda0 JavaThread "main" [_thread_in_native, id=590584, stack(0x00007ffcfa313000,0x00007ffcfa413000)]
  0x00005df4857f4c10 JavaThread "Reference Handler" daemon [_thread_blocked, id=590630, stack(0x00007e4109dff000,0x00007e4109eff000)]
  0x00005df4857f6220 JavaThread "Finalizer" daemon [_thread_blocked, id=590631, stack(0x00007e4109cff000,0x00007e4109dff000)]
  0x00005df4858324b0 JavaThread "Signal Dispatcher" daemon [_thread_blocked, id=590632, stack(0x00007e4109bff000,0x00007e4109cff000)]
  0x00005df4858271c0 JavaThread "Service Thread" daemon [_thread_blocked, id=590633, stack(0x00007e4109aff000,0x00007e4109bff000)]
  0x00005df485828070 JavaThread "Monitor Deflation Thread" daemon [_thread_blocked, id=590634, stack(0x00007e41099ff000,0x00007e4109aff000)]
  0x00005df485829aa0 JavaThread "C2 CompilerThread0" daemon [_thread_blocked, id=590635, stack(0x00007e41098ff000,0x00007e41099ff000)]
  0x00005df48582afd0 JavaThread "C1 CompilerThread0" daemon [_thread_blocked, id=590636, stack(0x00007e41097ff000,0x00007e41098ff000)]
  0x00005df48582c440 JavaThread "Sweeper thread" daemon [_thread_blocked, id=590637, stack(0x00007e41096ff000,0x00007e41097ff000)]
  0x00005df4858d75d0 JavaThread "Common-Cleaner" daemon [_thread_blocked, id=590638, stack(0x00007e41095ff000,0x00007e41096ff000)]
  0x00005df48592fbd0 JavaThread "Notification Thread" daemon [_thread_blocked, id=590639, stack(0x00007e41094ff000,0x00007e41095ff000)]
  0x00007e40d8077cf0 JavaThread "C1 CompilerThread1" daemon [_thread_blocked, id=590641, stack(0x00007e41092fe000,0x00007e41093fe000)]
  0x00007e40d8133e90 JavaThread "C1 CompilerThread2" daemon [_thread_blocked, id=590642, stack(0x00007e41091fe000,0x00007e41092fe000)]
  0x00007e40d8134f20 JavaThread "C1 CompilerThread3" daemon [_thread_blocked, id=590643, stack(0x00007e41090fe000,0x00007e41091fe000)]
  0x00007e40c0009340 JavaThread "C2 CompilerThread1" daemon [_thread_blocked, id=590649, stack(0x00007e4108bfb000,0x00007e4108cfb000)]
  0x00007e40cc098d50 JavaThread "C2 CompilerThread2" daemon [_thread_blocked, id=590650, stack(0x00007e4108afb000,0x00007e4108bfb000)]
  0x00007e40e8001a40 JavaThread "SIGINT handler" daemon [_thread_blocked, id=590654, stack(0x00007e41086f8000,0x00007e41087f8000)]

Other Threads:
  0x00005df4855bbc50 VMThread "VM Thread" [stack: 0x00007e4109f00000,0x00007e410a000000] [id=590629] _threads_hazard_ptr=0x00007e410001fed0
  0x00005df4855a4f30 GCTaskThread "GC Thread#0" [stack: 0x00007e4119327000,0x00007e4119427000] [id=590624]
  0x00007e4100001620 GCTaskThread "GC Thread#1" [stack: 0x00007e4108efe000,0x00007e4108ffe000] [id=590645]
  0x00007e4100001f30 GCTaskThread "GC Thread#2" [stack: 0x00007e4108dfd000,0x00007e4108efd000] [id=590646]
  0x00007e4100002840 GCTaskThread "GC Thread#3" [stack: 0x00007e4108cfc000,0x00007e4108dfc000] [id=590647]
  0x00007e4100020cb0 GCTaskThread "GC Thread#4" [stack: 0x00007e40aff00000,0x00007e40b0000000] [id=590648]
  0x00007e4100021b00 GCTaskThread "GC Thread#5" [stack: 0x00007e41089fb000,0x00007e4108afb000] [id=590651]
  0x00005df4856616c0 ConcurrentGCThread "G1 Main Marker" terminated
  0x00005df485662150 ConcurrentGCThread "G1 Conc#0" [stack: 0x00007e4119125000,0x00007e4119225000] [id=590626]
  0x00007e410c000ea0 ConcurrentGCThread "G1 Conc#1" [stack: 0x00007e41088fa000,0x00007e41089fa000] [id=590652]
  0x00007e410c0018f0 ConcurrentGCThread "G1 Conc#2" [stack: 0x00007e41087f9000,0x00007e41088f9000] [id=590653]
  0x00005df4855c3d60 ConcurrentGCThread "G1 Refine#0" terminated
  0x00005df4855bae50 ConcurrentGCThread "G1 Service" terminated

Threads with active compile tasks:
C2 CompilerThread0      809 1961       4       jdk.nio.zipfs.ZipPath::getFileName (94 bytes)
C2 CompilerThread1      809 1897       4       org.jpype.manager.TypeManager::createMethodDispatch (178 bytes)
C2 CompilerThread2      809 1965       4       java.util.LinkedHashMap::get (29 bytes)

VM state: at safepoint (normal execution)

VM Mutex/Monitor currently owned by a thread:  ([mutex/lock_event])
[0x00005df485479130] Threads_lock - owner thread: 0x00005df4855bbc50
[0x00005df485569190] Heap_lock - owner thread: 0x00007e40e8001a40

Heap address: 0x00000006d2600000, size: 3802 MB, Compressed Oops mode: Zero based, Oop shift amount: 3

CDS archive(s) not mapped
Compressed class space mapped at: 0x00000007c0000000-0x0000000800000000, reserved size: 1073741824
Narrow klass base: 0x0000000000000000, Narrow klass shift: 3, Narrow klass range: 0x800000000

GC Precious Log:
 CPUs: 16 total, 16 available
 Memory: 15207M
 Large Page Support: Disabled
 NUMA Support: Disabled
 Compressed Oops: Enabled (Zero based)
 Heap Region Size: 2M
 Heap Min Capacity: 8M
 Heap Initial Capacity: 238M
 Heap Max Capacity: 3802M
 Pre-touch: Disabled
 Parallel Workers: 13
 Concurrent Workers: 3
 Concurrent Refinement Workers: 13
 Periodic GC: Disabled

Heap:
 garbage-first heap   total 61440K, used 37519K [0x00000006d2600000, 0x00000007c0000000)
  region size 2048K, 13 young (26624K), 0 survivors (0K)
 Metaspace       used 11051K, committed 11264K, reserved 1114112K
  class space    used 951K, committed 1088K, reserved 1048576K

Heap Regions: E=young(eden), S=young(survivor), O=old, HS=humongous(starts), HC=humongous(continues), CS=collection set, F=free, OA=open archive, CA=closed archive, TAMS=top-at-mark-start (previous, next)
|   0|0x00000006d2600000, 0x00000006d27ffff8, 0x00000006d2800000| 99%| O|  |TAMS 0x00000006d27ffff8, 0x00000006d2600000| Untracked 
|   1|0x00000006d2800000, 0x00000006d29ffff8, 0x00000006d2a00000| 99%| O|  |TAMS 0x00000006d29ffff8, 0x00000006d2800000| Untracked 
|   2|0x00000006d2a00000, 0x00000006d2bd72c8, 0x00000006d2c00000| 92%| O|  |TAMS 0x00000006d2bd72c8, 0x00000006d2a00000| Untracked 
|   3|0x00000006d2c00000, 0x00000006d2e00000, 0x00000006d2e00000|100%| O|  |TAMS 0x00000006d2e00000, 0x00000006d2c00000| Untracked 
|   4|0x00000006d2e00000, 0x00000006d3000000, 0x00000006d3000000|100%| O|  |TAMS 0x00000006d2ea4800, 0x00000006d2e00000| Untracked 
|   5|0x00000006d3000000, 0x00000006d3000000, 0x00000006d3200000|  0%| F|  |TAMS 0x00000006d3000000, 0x00000006d3000000| Untracked 
|   6|0x00000006d3200000, 0x00000006d3400000, 0x00000006d3400000|100%|HS|  |TAMS 0x00000006d3400000, 0x00000006d3200000| Complete 
|   7|0x00000006d3400000, 0x00000006d3600000, 0x00000006d3600000|100%|HC|  |TAMS 0x00000006d3600000, 0x00000006d3400000| Complete 
|   8|0x00000006d3600000, 0x00000006d36cca00, 0x00000006d3800000| 39%| O|  |TAMS 0x00000006d3600000, 0x00000006d3600000| Complete 
|   9|0x00000006d3800000, 0x00000006d3800000, 0x00000006d3a00000|  0%| F|  |TAMS 0x00000006d3800000, 0x00000006d3800000| Untracked 
|  10|0x00000006d3a00000, 0x00000006d3a00000, 0x00000006d3c00000|  0%| F|  |TAMS 0x00000006d3a00000, 0x00000006d3a00000| Untracked 
|  11|0x00000006d3c00000, 0x00000006d3c00000, 0x00000006d3e00000|  0%| F|  |TAMS 0x00000006d3c00000, 0x00000006d3c00000| Untracked 
|  12|0x00000006d3e00000, 0x00000006d3e00000, 0x00000006d4000000|  0%| F|  |TAMS 0x00000006d3e00000, 0x00000006d3e00000| Untracked 
|  13|0x00000006d4000000, 0x00000006d4000000, 0x00000006d4200000|  0%| F|  |TAMS 0x00000006d4000000, 0x00000006d4000000| Untracked 
|  14|0x00000006d4200000, 0x00000006d4200000, 0x00000006d4400000|  0%| F|  |TAMS 0x00000006d4200000, 0x00000006d4200000| Untracked 
|  15|0x00000006d4400000, 0x00000006d4400000, 0x00000006d4600000|  0%| F|  |TAMS 0x00000006d4400000, 0x00000006d4400000| Untracked 
|  16|0x00000006d4600000, 0x00000006d4600000, 0x00000006d4800000|  0%| F|  |TAMS 0x00000006d4600000, 0x00000006d4600000| Untracked 
|  17|0x00000006d4800000, 0x00000006d4902c88, 0x00000006d4a00000| 50%| E|  |TAMS 0x00000006d4800000, 0x00000006d4800000| Complete 
|  18|0x00000006d4a00000, 0x00000006d4c00000, 0x00000006d4c00000|100%| E|CS|TAMS 0x00000006d4a00000, 0x00000006d4a00000| Complete 
|  19|0x00000006d4c00000, 0x00000006d4e00000, 0x00000006d4e00000|100%| E|CS|TAMS 0x00000006d4c00000, 0x00000006d4c00000| Complete 
|  20|0x00000006d4e00000, 0x00000006d5000000, 0x00000006d5000000|100%| E|CS|TAMS 0x00000006d4e00000, 0x00000006d4e00000| Complete 
|  21|0x00000006d5000000, 0x00000006d5200000, 0x00000006d5200000|100%| E|CS|TAMS 0x00000006d5000000, 0x00000006d5000000| Complete 
|  22|0x00000006d5200000, 0x00000006d5400000, 0x00000006d5400000|100%| E|CS|TAMS 0x00000006d5200000, 0x00000006d5200000| Complete 
|  23|0x00000006d5400000, 0x00000006d5600000, 0x00000006d5600000|100%| E|  |TAMS 0x00000006d5400000, 0x00000006d5400000| Complete 
|  24|0x00000006d5600000, 0x00000006d5800000, 0x00000006d5800000|100%| E|CS|TAMS 0x00000006d5600000, 0x00000006d5600000| Complete 
|  25|0x00000006d5800000, 0x00000006d5a00000, 0x00000006d5a00000|100%| E|CS|TAMS 0x00000006d5800000, 0x00000006d5800000| Complete 
|  26|0x00000006d5a00000, 0x00000006d5c00000, 0x00000006d5c00000|100%| E|CS|TAMS 0x00000006d5a00000, 0x00000006d5a00000| Complete 
|  27|0x00000006d5c00000, 0x00000006d5e00000, 0x00000006d5e00000|100%| E|CS|TAMS 0x00000006d5c00000, 0x00000006d5c00000| Complete 
|  28|0x00000006d5e00000, 0x00000006d6000000, 0x00000006d6000000|100%| E|CS|TAMS 0x00000006d5e00000, 0x00000006d5e00000| Complete 
|  64|0x00000006da600000, 0x00000006da800000, 0x00000006da800000|100%| E|CS|TAMS 0x00000006da600000, 0x00000006da600000| Complete 

Card table byte_map: [0x00007e412131a000,0x00007e4121a87000] _byte_map_base: 0x00007e411dc87000

Marking Bits (Prev, Next): (CMBitMap*) 0x00005df485651e50, (CMBitMap*) 0x00005df485651e10
 Prev Bits: [0x00007e41194dd000, 0x00007e411d045000)
 Next Bits: [0x00007e411d045000, 0x00007e4120bad000)

Polling page: 0x00007e413c42b000

Metaspace:

Usage:
  Non-class:      9.86 MB used.
      Class:    951.35 KB used.
       Both:     10.79 MB used.

Virtual space:
  Non-class space:       64.00 MB reserved,       9.94 MB ( 16%) committed,  1 nodes.
      Class space:        1.00 GB reserved,       1.06 MB ( <1%) committed,  1 nodes.
             Both:        1.06 GB reserved,      11.00 MB (  1%) committed. 

Chunk freelists:
   Non-Class:  6.00 MB
       Class:  15.00 MB
        Both:  21.00 MB

MaxMetaspaceSize: unlimited
CompressedClassSpaceSize: 1.00 GB
Initial GC threshold: 21.00 MB
Current GC threshold: 21.00 MB
CDS: off
MetaspaceReclaimPolicy: balanced
 - commit_granule_bytes: 65536.
 - commit_granule_words: 8192.
 - virtual_space_node_default_size: 8388608.
 - enlarge_chunks_in_place: 1.
 - new_chunks_are_fully_committed: 0.
 - uncommit_free_chunks: 1.
 - use_allocation_guard: 0.
 - handle_deallocations: 1.


Internal statistics:

num_allocs_failed_limit: 0.
num_arena_births: 118.
num_arena_deaths: 0.
num_vsnodes_births: 2.
num_vsnodes_deaths: 0.
num_space_committed: 176.
num_space_uncommitted: 0.
num_chunks_returned_to_freelist: 0.
num_chunks_taken_from_freelist: 207.
num_chunk_merges: 0.
num_chunk_splits: 119.
num_chunks_enlarged: 70.
num_inconsistent_stats: 0.

CodeHeap 'non-profiled nmethods': size=119168Kb used=732Kb max_used=732Kb free=118435Kb
 bounds [0x00007e412a9a0000, 0x00007e412ac10000, 0x00007e4131e00000]
CodeHeap 'profiled nmethods': size=119164Kb used=3449Kb max_used=3449Kb free=115714Kb
 bounds [0x00007e4122e00000, 0x00007e4123160000, 0x00007e412a25f000]
CodeHeap 'non-nmethods': size=7428Kb used=2825Kb max_used=2876Kb free=4602Kb
 bounds [0x00007e412a25f000, 0x00007e412a53f000, 0x00007e412a9a0000]
 total_blobs=2384 nmethods=1964 adapters=330
 compilation: enabled
              stopped_count=0, restarted_count=0
 full_count=0

Compilation events (20 events):
Event: 0.785 Thread 0x00007e40d8134f20 nmethod 1958 0x00007e4123158e90 code [0x00007e4123159120, 0x00007e4123159aa0]
Event: 0.785 Thread 0x00007e40cc098d50 nmethod 1947 0x00007e412aa55f90 code [0x00007e412aa56120, 0x00007e412aa564f8]
Event: 0.785 Thread 0x00007e40cc098d50 1950       4       jdk.nio.zipfs.ZipCoder$UTF8::toString (49 bytes)
Event: 0.786 Thread 0x00005df48582afd0 nmethod 1957 0x00007e4123159e90 code [0x00007e412315a160, 0x00007e412315aef0]
Event: 0.786 Thread 0x00007e40d8134f20 1960       3       java.util.HexFormat::<init> (50 bytes)
Event: 0.786 Thread 0x00007e40d8134f20 nmethod 1960 0x00007e412315b490 code [0x00007e412315b6a0, 0x00007e412315bdc0]
Event: 0.787 Thread 0x00007e40d8134f20 1964       3       java.io.FilterInputStream::<init> (10 bytes)
Event: 0.788 Thread 0x00007e40d8134f20 nmethod 1964 0x00007e412315c090 code [0x00007e412315c240, 0x00007e412315c470]
Event: 0.788 Thread 0x00007e40cc098d50 nmethod 1950 0x00007e412aa56790 code [0x00007e412aa56920, 0x00007e412aa56b88]
Event: 0.788 Thread 0x00007e40cc098d50 1965       4       java.util.LinkedHashMap::get (29 bytes)
Event: 0.789 Thread 0x00005df485829aa0 nmethod 1948 0x00007e412aa56d10 code [0x00007e412aa56ea0, 0x00007e412aa570b8]
Event: 0.789 Thread 0x00007e40d8134f20 1966       3       java.lang.reflect.Executable$$Lambda$19/0x00000007c009bcb8::apply (13 bytes)
Event: 0.789 Thread 0x00005df485829aa0 1961       4       jdk.nio.zipfs.ZipPath::getFileName (94 bytes)
Event: 0.789 Thread 0x00007e40d8134f20 nmethod 1966 0x00007e412315c590 code [0x00007e412315c740, 0x00007e412315c980]
Event: 0.790 Thread 0x00007e40d8077cf0 1967       3       jdk.internal.loader.ClassLoaders$AppClassLoader::loadClass (40 bytes)
Event: 0.790 Thread 0x00007e40d8134f20 1968       3       org.jpype.manager.TypeManager$Destroyer::add (101 bytes)
Event: 0.790 Thread 0x00005df48582afd0 1969       3       org.jpype.manager.TypeManager$Destroyer::add (39 bytes)
Event: 0.790 Thread 0x00005df48582afd0 nmethod 1969 0x00007e412315ca90 code [0x00007e412315cc40, 0x00007e412315ce60]
Event: 0.791 Thread 0x00007e40d8134f20 nmethod 1968 0x00007e412315cf90 code [0x00007e412315d180, 0x00007e412315d600]
Event: 0.791 Thread 0x00007e40d8077cf0 nmethod 1967 0x00007e412315d810 code [0x00007e412315da60, 0x00007e412315e370]

GC Heap History (20 events):
Event: 0.252 GC heap before
{Heap before GC invocations=2 (full 1):
 garbage-first heap   total 28672K, used 8378K [0x00000006d2600000, 0x00000007c0000000)
  region size 2048K, 4 young (8192K), 1 survivors (2048K)
 Metaspace       used 8525K, committed 8704K, reserved 1114112K
  class space    used 751K, committed 832K, reserved 1048576K
}
Event: 0.254 GC heap after
{Heap after GC invocations=3 (full 1):
 garbage-first heap   total 28672K, used 2870K [0x00000006d2600000, 0x00000007c0000000)
  region size 2048K, 1 young (2048K), 1 survivors (2048K)
 Metaspace       used 8525K, committed 8704K, reserved 1114112K
  class space    used 751K, committed 832K, reserved 1048576K
}
Event: 0.268 GC heap before
{Heap before GC invocations=3 (full 1):
 garbage-first heap   total 28672K, used 11062K [0x00000006d2600000, 0x00000007c0000000)
  region size 2048K, 5 young (10240K), 1 survivors (2048K)
 Metaspace       used 8540K, committed 8704K, reserved 1114112K
  class space    used 751K, committed 832K, reserved 1048576K
}
Event: 0.271 GC heap after
{Heap after GC invocations=4 (full 1):
 garbage-first heap   total 28672K, used 3924K [0x00000006d2600000, 0x00000007c0000000)
  region size 2048K, 1 young (2048K), 1 survivors (2048K)
 Metaspace       used 8540K, committed 8704K, reserved 1114112K
  class space    used 751K, committed 832K, reserved 1048576K
}
Event: 0.284 GC heap before
{Heap before GC invocations=4 (full 1):
 garbage-first heap   total 28672K, used 10068K [0x00000006d2600000, 0x00000007c0000000)
  region size 2048K, 4 young (8192K), 1 survivors (2048K)
 Metaspace       used 8593K, committed 8768K, reserved 1114112K
  class space    used 751K, committed 832K, reserved 1048576K
}
Event: 0.287 GC heap after
{Heap after GC invocations=5 (full 1):
 garbage-first heap   total 137216K, used 4788K [0x00000006d2600000, 0x00000007c0000000)
  region size 2048K, 1 young (2048K), 1 survivors (2048K)
 Metaspace       used 8593K, committed 8768K, reserved 1114112K
  class space    used 751K, committed 832K, reserved 1048576K
}
Event: 0.306 GC heap before
{Heap before GC invocations=5 (full 1):
 garbage-first heap   total 137216K, used 8884K [0x00000006d2600000, 0x00000007c0000000)
  region size 2048K, 4 young (8192K), 1 survivors (2048K)
 Metaspace       used 8602K, committed 8768K, reserved 1114112K
  class space    used 751K, committed 832K, reserved 1048576K
}
Event: 0.318 GC heap after
{Heap after GC invocations=6 (full 2):
 garbage-first heap   total 28672K, used 5136K [0x00000006d2600000, 0x00000007c0000000)
  region size 2048K, 0 young (0K), 0 survivors (0K)
 Metaspace       used 8602K, committed 8768K, reserved 1114112K
  class space    used 751K, committed 832K, reserved 1048576K
}
Event: 0.332 GC heap before
{Heap before GC invocations=6 (full 2):
 garbage-first heap   total 28672K, used 5136K [0x00000006d2600000, 0x00000007c0000000)
  region size 2048K, 1 young (2048K), 0 survivors (0K)
 Metaspace       used 8612K, committed 8768K, reserved 1114112K
  class space    used 752K, committed 832K, reserved 1048576K
}
Event: 0.351 GC heap after
{Heap after GC invocations=7 (full 3):
 garbage-first heap   total 20480K, used 5190K [0x00000006d2600000, 0x00000007c0000000)
  region size 2048K, 0 young (0K), 0 survivors (0K)
 Metaspace       used 8612K, committed 8768K, reserved 1114112K
  class space    used 752K, committed 832K, reserved 1048576K
}
Event: 0.462 GC heap before
{Heap before GC invocations=7 (full 3):
 garbage-first heap   total 20480K, used 9286K [0x00000006d2600000, 0x00000007c0000000)
  region size 2048K, 3 young (6144K), 0 survivors (0K)
 Metaspace       used 10239K, committed 10432K, reserved 1114112K
  class space    used 910K, committed 1024K, reserved 1048576K
}
Event: 0.464 GC heap after
{Heap after GC invocations=8 (full 3):
 garbage-first heap   total 20480K, used 6195K [0x00000006d2600000, 0x00000007c0000000)
  region size 2048K, 1 young (2048K), 1 survivors (2048K)
 Metaspace       used 10239K, committed 10432K, reserved 1114112K
  class space    used 910K, committed 1024K, reserved 1048576K
}
Event: 0.473 GC heap before
{Heap before GC invocations=8 (full 3):
 garbage-first heap   total 20480K, used 6195K [0x00000006d2600000, 0x00000007c0000000)
  region size 2048K, 3 young (6144K), 1 survivors (2048K)
 Metaspace       used 10289K, committed 10496K, reserved 1114112K
  class space    used 912K, committed 1024K, reserved 1048576K
}
Event: 0.488 GC heap after
{Heap after GC invocations=9 (full 4):
 garbage-first heap   total 20480K, used 5980K [0x00000006d2600000, 0x00000007c0000000)
  region size 2048K, 0 young (0K), 0 survivors (0K)
 Metaspace       used 10289K, committed 10496K, reserved 1114112K
  class space    used 912K, committed 1024K, reserved 1048576K
}
Event: 0.559 GC heap before
{Heap before GC invocations=9 (full 4):
 garbage-first heap   total 20480K, used 10076K [0x00000006d2600000, 0x00000007c0000000)
  region size 2048K, 3 young (6144K), 0 survivors (0K)
 Metaspace       used 10487K, committed 10688K, reserved 1114112K
  class space    used 934K, committed 1024K, reserved 1048576K
}
Event: 0.561 GC heap after
{Heap after GC invocations=10 (full 4):
 garbage-first heap   total 20480K, used 7401K [0x00000006d2600000, 0x00000007c0000000)
  region size 2048K, 1 young (2048K), 1 survivors (2048K)
 Metaspace       used 10487K, committed 10688K, reserved 1114112K
  class space    used 934K, committed 1024K, reserved 1048576K
}
Event: 0.587 GC heap before
{Heap before GC invocations=10 (full 4):
 garbage-first heap   total 20480K, used 9449K [0x00000006d2600000, 0x00000007c0000000)
  region size 2048K, 4 young (8192K), 1 survivors (2048K)
 Metaspace       used 10595K, committed 10816K, reserved 1114112K
  class space    used 936K, committed 1024K, reserved 1048576K
}
Event: 0.590 GC heap after
{Heap after GC invocations=11 (full 4):
 garbage-first heap   total 20480K, used 10734K [0x00000006d2600000, 0x00000007c0000000)
  region size 2048K, 1 young (2048K), 1 survivors (2048K)
 Metaspace       used 10595K, committed 10816K, reserved 1114112K
  class space    used 936K, committed 1024K, reserved 1048576K
}
Event: 0.591 GC heap before
{Heap before GC invocations=11 (full 4):
 garbage-first heap   total 20480K, used 14830K [0x00000006d2600000, 0x00000007c0000000)
  region size 2048K, 1 young (2048K), 1 survivors (2048K)
 Metaspace       used 10595K, committed 10816K, reserved 1114112K
  class space    used 936K, committed 1024K, reserved 1048576K
}
Event: 0.593 GC heap after
{Heap after GC invocations=12 (full 4):
 garbage-first heap   total 133120K, used 14991K [0x00000006d2600000, 0x00000007c0000000)
  region size 2048K, 0 young (0K), 0 survivors (0K)
 Metaspace       used 10595K, committed 10816K, reserved 1114112K
  class space    used 936K, committed 1024K, reserved 1048576K
}

Dll operation events (7 events):
Event: 0.003 Loaded shared library /usr/lib/jvm/java-17-openjdk-amd64/lib/libjava.so
Event: 0.015 Loaded shared library /usr/lib/jvm/java-17-openjdk-amd64/lib/libjsvml.so
Event: 0.049 Loaded shared library /usr/lib/jvm/java-17-openjdk-amd64/lib/libnio.so
Event: 0.053 Loaded shared library /usr/lib/jvm/java-17-openjdk-amd64/lib/libzip.so
Event: 0.089 Loaded shared library /home/kgorna/.local/lib/python3.10/site-packages/_jpype.cpython-310-x86_64-linux-gnu.so
Event: 0.199 Loaded shared library /usr/lib/jvm/java-17-openjdk-amd64/lib/libjimage.so
Event: 0.368 Loaded shared library /usr/lib/jvm/java-17-openjdk-amd64/lib/libnet.so

Deoptimization events (20 events):
Event: 0.775 Thread 0x00005df4855ebda0 Uncommon trap: trap_request=0xffffffbe fr.pc=0x00007e412aa51c94 relative=0x0000000000000274
Event: 0.775 Thread 0x00005df4855ebda0 Uncommon trap: reason=profile_predicate action=maybe_recompile pc=0x00007e412aa51c94 method=java.util.LinkedHashMap.valuesToArray([Ljava/lang/Object;)[Ljava/lang/Object; @ 10 c2
Event: 0.775 Thread 0x00005df4855ebda0 DEOPT PACKING pc=0x00007e412aa51c94 sp=0x00007ffcfa40cd70
Event: 0.775 Thread 0x00005df4855ebda0 DEOPT UNPACKING pc=0x00007e412a2b5699 sp=0x00007ffcfa40cd40 mode 2
Event: 0.777 Thread 0x00005df4855ebda0 DEOPT PACKING pc=0x00007e412303018b sp=0x00007ffcfa40cc90
Event: 0.777 Thread 0x00005df4855ebda0 DEOPT UNPACKING pc=0x00007e412a2b5e2f sp=0x00007ffcfa40c1e8 mode 0
Event: 0.781 Thread 0x00005df4855ebda0 Uncommon trap: trap_request=0xffffff76 fr.pc=0x00007e412aa55580 relative=0x00000000000001e0
Event: 0.781 Thread 0x00005df4855ebda0 Uncommon trap: reason=predicate action=maybe_recompile pc=0x00007e412aa55580 method=java.util.LinkedHashMap.valuesToArray([Ljava/lang/Object;)[Ljava/lang/Object; @ 12 c2
Event: 0.781 Thread 0x00005df4855ebda0 DEOPT PACKING pc=0x00007e412aa55580 sp=0x00007ffcfa40cd70
Event: 0.781 Thread 0x00005df4855ebda0 DEOPT UNPACKING pc=0x00007e412a2b5699 sp=0x00007ffcfa40cd38 mode 2
Event: 0.781 Thread 0x00005df4855ebda0 Uncommon trap: trap_request=0xffffffbe fr.pc=0x00007e412aa51c94 relative=0x0000000000000274
Event: 0.781 Thread 0x00005df4855ebda0 Uncommon trap: reason=profile_predicate action=maybe_recompile pc=0x00007e412aa51c94 method=java.util.LinkedHashMap.valuesToArray([Ljava/lang/Object;)[Ljava/lang/Object; @ 10 c2
Event: 0.781 Thread 0x00005df4855ebda0 DEOPT PACKING pc=0x00007e412aa51c94 sp=0x00007ffcfa40cd70
Event: 0.781 Thread 0x00005df4855ebda0 DEOPT UNPACKING pc=0x00007e412a2b5699 sp=0x00007ffcfa40cd40 mode 2
Event: 0.781 Thread 0x00005df4855ebda0 Uncommon trap: trap_request=0xffffffbe fr.pc=0x00007e412aa51c94 relative=0x0000000000000274
Event: 0.781 Thread 0x00005df4855ebda0 Uncommon trap: reason=profile_predicate action=maybe_recompile pc=0x00007e412aa51c94 method=java.util.LinkedHashMap.valuesToArray([Ljava/lang/Object;)[Ljava/lang/Object; @ 10 c2
Event: 0.781 Thread 0x00005df4855ebda0 DEOPT PACKING pc=0x00007e412aa51c94 sp=0x00007ffcfa40cd70
Event: 0.781 Thread 0x00005df4855ebda0 DEOPT UNPACKING pc=0x00007e412a2b5699 sp=0x00007ffcfa40cd40 mode 2
Event: 0.785 Thread 0x00005df4855ebda0 DEOPT PACKING pc=0x00007e412303018b sp=0x00007ffcfa40d290
Event: 0.785 Thread 0x00005df4855ebda0 DEOPT UNPACKING pc=0x00007e412a2b5e2f sp=0x00007ffcfa40c7e8 mode 0

Classes loaded (20 events):
Event: 0.566 Loading class java/util/StringTokenizer
Event: 0.566 Loading class java/util/StringTokenizer done
Event: 0.625 Loading class java/io/Console
Event: 0.625 Loading class java/io/Console done
Event: 0.625 Loading class java/util/ResourceBundle
Event: 0.626 Loading class java/util/ResourceBundle done
Event: 0.626 Loading class java/lang/System$Logger
Event: 0.626 Loading class java/lang/System$Logger done
Event: 0.634 Loading class java/lang/System$CallersHolder
Event: 0.634 Loading class java/lang/System$CallersHolder done
Event: 0.634 Loading class java/lang/System$LoggerFinder
Event: 0.634 Loading class java/lang/System$LoggerFinder done
Event: 0.640 Loading class java/lang/System$Logger$Level
Event: 0.640 Loading class java/lang/System$Logger$Level done
Event: 0.782 Loading class jdk/internal/misc/Signal$1
Event: 0.782 Loading class jdk/internal/misc/Signal$1 done
Event: 0.783 Loading class java/util/IdentityHashMap$KeyIterator
Event: 0.783 Loading class java/util/IdentityHashMap$IdentityHashMapIterator
Event: 0.783 Loading class java/util/IdentityHashMap$IdentityHashMapIterator done
Event: 0.783 Loading class java/util/IdentityHashMap$KeyIterator done

Classes unloaded (0 events):
No events

Classes redefined (0 events):
No events

Internal exceptions (16 events):
Event: 0.058 Thread 0x00005df4855ebda0 Exception <a 'java/lang/NoClassDefFoundError'{0x00000006e1382e40}: org/jpype/classloader/DynamicClassLoader> (0x00000006e1382e40) 
thrown [./src/hotspot/share/classfile/systemDictionary.cpp, line 245]
Event: 0.093 Thread 0x00005df4855ebda0 Exception <a 'java/lang/NoSuchMethodError'{0x00000006e101f098}: 'int java.lang.invoke.DirectMethodHandle$Holder.invokeStaticInit(java.lang.Object, java.lang.Object)'> (0x00000006e101f098) 
thrown [./src/hotspot/share/interpreter/linkResolver.cpp, line 758]
Event: 0.094 Thread 0x00005df4855ebda0 Exception <a 'java/lang/NoSuchMethodError'{0x00000006e1025c48}: 'java.lang.Object java.lang.invoke.DirectMethodHandle$Holder.invokeStaticInit(java.lang.Object, int)'> (0x00000006e1025c48) 
thrown [./src/hotspot/share/interpreter/linkResolver.cpp, line 758]
Event: 0.096 Thread 0x00005df4855ebda0 Exception <a 'java/lang/NoSuchMethodError'{0x00000006e1030f48}: 'int java.lang.invoke.DirectMethodHandle$Holder.invokeSpecial(java.lang.Object, java.lang.Object, java.lang.Object)'> (0x00000006e1030f48) 
thrown [./src/hotspot/share/interpreter/linkResolver.cpp, line 758]
Event: 0.099 Thread 0x00005df4855ebda0 Exception <a 'java/lang/NoSuchMethodError'{0x00000006e1046b30}: 'java.lang.Object java.lang.invoke.DirectMethodHandle$Holder.invokeStatic(java.lang.Object, java.lang.Object, int)'> (0x00000006e1046b30) 
thrown [./src/hotspot/share/interpreter/linkResolver.cpp, line 758]
Event: 0.100 Thread 0x00005df4855ebda0 Exception <a 'java/lang/NoSuchMethodError'{0x00000006e10526f0}: 'void java.lang.invoke.DelegatingMethodHandle$Holder.delegate(java.lang.Object, java.lang.Object, int, java.lang.Object)'> (0x00000006e10526f0) 
thrown [./src/hotspot/share/interpreter/linkResolver.cpp, line 758]
Event: 0.105 Thread 0x00005df4855ebda0 Exception <a 'java/lang/NoSuchMethodError'{0x00000006e10eb358}: 'java.lang.Object java.lang.invoke.Invokers$Holder.invokeExact_MT(java.lang.Object, java.lang.Object, java.lang.Object)'> (0x00000006e10eb358) 
thrown [./src/hotspot/share/interpreter/linkResolver.cpp, line 758]
Event: 0.117 Thread 0x00005df4855ebda0 Exception <a 'java/lang/NoSuchMethodError'{0x00000006e11cdfc0}: 'java.lang.Object java.lang.invoke.DirectMethodHandle$Holder.invokeInterface(java.lang.Object, java.lang.Object)'> (0x00000006e11cdfc0) 
thrown [./src/hotspot/share/interpreter/linkResolver.cpp, line 758]
Event: 0.117 Thread 0x00005df4855ebda0 Exception <a 'java/lang/IncompatibleClassChangeError'{0x00000006e11d15b0}: Found class java.lang.Object, but interface was expected> (0x00000006e11d15b0) 
thrown [./src/hotspot/share/interpreter/linkResolver.cpp, line 826]
Event: 0.208 Thread 0x00005df4855ebda0 Exception <a 'java/lang/NoSuchMethodError'{0x00000006d40f91d0}: 'java.lang.Object java.lang.invoke.DirectMethodHandle$Holder.invokeStaticInit(java.lang.Object)'> (0x00000006d40f91d0) 
thrown [./src/hotspot/share/interpreter/linkResolver.cpp, line 758]
Event: 0.407 Thread 0x00005df4855ebda0 Exception <a 'java/lang/NoSuchMethodError'{0x00000006d3989aa8}: 'java.lang.Object java.lang.invoke.DirectMethodHandle$Holder.invokeStatic(java.lang.Object, int, java.lang.Object)'> (0x00000006d3989aa8) 
thrown [./src/hotspot/share/interpreter/linkResolver.cpp, line 758]
Event: 0.440 Thread 0x00005df4855ebda0 Exception <a 'java/lang/NoSuchMethodError'{0x00000006d367e2d0}: 'int java.lang.invoke.DirectMethodHandle$Holder.invokeVirtual(java.lang.Object, java.lang.Object)'> (0x00000006d367e2d0) 
thrown [./src/hotspot/share/interpreter/linkResolver.cpp, line 758]
Event: 0.511 Thread 0x00005df4855ebda0 Exception <a 'java/lang/NoSuchMethodError'{0x00000006d393bfd0}: 'void java.lang.invoke.DirectMethodHandle$Holder.invokeStatic(java.lang.Object, java.lang.Object, java.lang.Object)'> (0x00000006d393bfd0) 
thrown [./src/hotspot/share/interpreter/linkResolver.cpp, line 758]
Event: 0.517 Thread 0x00005df4855ebda0 Exception <a 'java/lang/NoSuchMethodError'{0x00000006d398a090}: 'int java.lang.invoke.DirectMethodHandle$Holder.invokeVirtual(java.lang.Object, java.lang.Object, java.lang.Object)'> (0x00000006d398a090) 
thrown [./src/hotspot/share/interpreter/linkResolver.cpp, line 758]
Event: 0.521 Thread 0x00005df4855ebda0 Exception <a 'java/lang/NoSuchMethodError'{0x00000006d39d54f8}: 'java.lang.Object java.lang.invoke.DirectMethodHandle$Holder.invokeSpecial(java.lang.Object, java.lang.Object, java.lang.Object, int, java.lang.Object)'> (0x00000006d39d54f8) 
thrown [./src/hotspot/share/interpreter/linkResolver.cpp, line 758]
Event: 0.790 Thread 0x00005df4859f9b00 Exception <a 'java/lang/InterruptedException'{0x00000006d5f153c0}> (0x00000006d5f153c0) 
thrown [./src/hotspot/share/runtime/objectMonitor.cpp, line 1658]

VM Operations (20 events):
Event: 0.464 Executing VM operation: G1CollectForAllocation done
Event: 0.473 Executing VM operation: G1CollectFull
Event: 0.488 Executing VM operation: G1CollectFull done
Event: 0.509 Executing VM operation: HandshakeAllThreads
Event: 0.509 Executing VM operation: HandshakeAllThreads done
Event: 0.559 Executing VM operation: G1CollectForAllocation
Event: 0.562 Executing VM operation: G1CollectForAllocation done
Event: 0.567 Executing VM operation: HandshakeAllThreads
Event: 0.567 Executing VM operation: HandshakeAllThreads done
Event: 0.587 Executing VM operation: G1CollectForAllocation
Event: 0.590 Executing VM operation: G1CollectForAllocation done
Event: 0.591 Executing VM operation: G1CollectForAllocation
Event: 0.593 Executing VM operation: G1CollectForAllocation done
Event: 0.601 Executing VM operation: G1PauseRemark
Event: 0.602 Executing VM operation: G1PauseRemark done
Event: 0.605 Executing VM operation: G1PauseCleanup
Event: 0.605 Executing VM operation: G1PauseCleanup done
Event: 0.789 Executing VM operation: ThreadDump
Event: 0.789 Executing VM operation: ThreadDump done
Event: 0.792 Executing VM operation: Exit

Memory protections (20 events):
Event: 0.003 Protecting memory [0x00007ffcfa313000,0x00007ffcfa317000] with protection modes 0
Event: 0.020 Protecting memory [0x00007e4109dff000,0x00007e4109e03000] with protection modes 0
Event: 0.021 Protecting memory [0x00007e4109cff000,0x00007e4109d03000] with protection modes 0
Event: 0.027 Protecting memory [0x00007e4109bff000,0x00007e4109c03000] with protection modes 0
Event: 0.027 Protecting memory [0x00007e4109aff000,0x00007e4109b03000] with protection modes 0
Event: 0.028 Protecting memory [0x00007e41099ff000,0x00007e4109a03000] with protection modes 0
Event: 0.028 Protecting memory [0x00007e41098ff000,0x00007e4109903000] with protection modes 0
Event: 0.028 Protecting memory [0x00007e41097ff000,0x00007e4109803000] with protection modes 0
Event: 0.028 Protecting memory [0x00007e41096ff000,0x00007e4109703000] with protection modes 0
Event: 0.047 Protecting memory [0x00007e41095ff000,0x00007e4109603000] with protection modes 0
Event: 0.057 Protecting memory [0x00007e41094ff000,0x00007e4109503000] with protection modes 0
Event: 0.088 Protecting memory [0x00007e41092fe000,0x00007e4109302000] with protection modes 0
Event: 0.104 Protecting memory [0x00007e413c5d5000,0x00007e413c5d6000] with protection modes 1
Event: 0.108 Protecting memory [0x00007e41091fe000,0x00007e4109202000] with protection modes 0
Event: 0.108 Protecting memory [0x00007e41090fe000,0x00007e4109102000] with protection modes 0
Event: 0.113 Protecting memory [0x00007e4108ffe000,0x00007e4109002000] with protection modes 0
Event: 0.182 Protecting memory [0x00007e4108bfb000,0x00007e4108bff000] with protection modes 0
Event: 0.225 Protecting memory [0x00007e4108afb000,0x00007e4108aff000] with protection modes 0
Event: 0.782 Protecting memory [0x00007e41086f8000,0x00007e41086fc000] with protection modes 0
Event: 0.783 Protecting memory [0x00007e41085f8000,0x00007e41085fc000] with protection modes 0

Nmethod flushes (0 events):
No events

Events (20 events):
Event: 0.021 Thread 0x00005df4855ebda0 Thread added: 0x00005df4857f6220
Event: 0.027 Thread 0x00005df4855ebda0 Thread added: 0x00005df4858324b0
Event: 0.027 Thread 0x00005df4855ebda0 Thread added: 0x00005df4858271c0
Event: 0.027 Thread 0x00005df4855ebda0 Thread added: 0x00005df485828070
Event: 0.028 Thread 0x00005df4855ebda0 Thread added: 0x00005df485829aa0
Event: 0.028 Thread 0x00005df4855ebda0 Thread added: 0x00005df48582afd0
Event: 0.028 Thread 0x00005df4855ebda0 Thread added: 0x00005df48582c440
Event: 0.047 Thread 0x00005df4855ebda0 Thread added: 0x00005df4858d75d0
Event: 0.057 Thread 0x00005df4855ebda0 Thread added: 0x00005df48592fbd0
Event: 0.088 Thread 0x00005df48582afd0 Thread added: 0x00007e40d8077cf0
Event: 0.108 Thread 0x00005df48582afd0 Thread added: 0x00007e40d8133e90
Event: 0.108 Thread 0x00005df48582afd0 Thread added: 0x00007e40d8134f20
Event: 0.113 Thread 0x00005df4855ebda0 Thread added: 0x00005df4859f9b00
Event: 0.182 Thread 0x00007e40d8133e90 Thread added: 0x00007e40c0009340
Event: 0.225 Thread 0x00007e40d8077cf0 Thread added: 0x00007e40cc098d50
Event: 0.782 Thread 0x00005df4858324b0 Thread added: 0x00007e40e8001a40
Event: 0.783 Thread 0x00007e40e8001a40 Thread added: 0x00007e4094001c30
Event: 0.790 Thread 0x00005df4859f9b00 Thread exited: 0x00005df4859f9b00
Event: 0.790 Thread 0x00007e4094001c30 Thread exited: 0x00007e4094001c30
Event: 0.790 Thread 0x00007e40e8001a40 Before exit entered


Dynamic libraries:
6d2600000-6d6000000 rw-p 00000000 00:00 0 
6d6000000-6da600000 ---p 00000000 00:00 0 
6da600000-6da800000 rw-p 00000000 00:00 0 
6da800000-7c0000000 ---p 00000000 00:00 0 
7c0000000-7c0010000 rw-p 00000000 00:00 0 
7c0010000-7c0030000 rw-p 00000000 00:00 0 
7c0030000-7c00b0000 rw-p 00000000 00:00 0 
7c00b0000-7c00d0000 rw-p 00000000 00:00 0 
7c00d0000-7c0110000 rw-p 00000000 00:00 0 
7c0110000-800000000 ---p 00000000 00:00 0 
5df483a3c000-5df483aa9000 r--p 00000000 fc:01 30672402                   /usr/bin/python3.10
5df483aa9000-5df483d5e000 r-xp 0006d000 fc:01 30672402                   /usr/bin/python3.10
5df483d5e000-5df483fa0000 r--p 00322000 fc:01 30672402                   /usr/bin/python3.10
5df483fa0000-5df483fa7000 r--p 00563000 fc:01 30672402                   /usr/bin/python3.10
5df483fa7000-5df483fe6000 rw-p 0056a000 fc:01 30672402                   /usr/bin/python3.10
5df483fe6000-5df48402c000 rw-p 00000000 00:00 0 
5df485326000-5df4861b1000 rw-p 00000000 00:00 0                          [heap]
7e4088000000-7e4088021000 rw-p 00000000 00:00 0 
7e4088021000-7e408c000000 ---p 00000000 00:00 0 
7e4090000000-7e4090021000 rw-p 00000000 00:00 0 
7e4090021000-7e4094000000 ---p 00000000 00:00 0 
7e4094000000-7e4094021000 rw-p 00000000 00:00 0 
7e4094021000-7e4098000000 ---p 00000000 00:00 0 
7e4098000000-7e4098021000 rw-p 00000000 00:00 0 
7e4098021000-7e409c000000 ---p 00000000 00:00 0 
7e409c000000-7e409c021000 rw-p 00000000 00:00 0 
7e409c021000-7e40a0000000 ---p 00000000 00:00 0 
7e40a0000000-7e40a1085000 rw-p 00000000 00:00 0 
7e40a1085000-7e40a4000000 ---p 00000000 00:00 0 
7e40a4000000-7e40a47ca000 rw-p 00000000 00:00 0 
7e40a47ca000-7e40a8000000 ---p 00000000 00:00 0 
7e40a8000000-7e40a8022000 rw-p 00000000 00:00 0 
7e40a8022000-7e40ac000000 ---p 00000000 00:00 0 
7e40afeff000-7e40aff00000 ---p 00000000 00:00 0 
7e40aff00000-7e40b0000000 rw-p 00000000 00:00 0 
7e40b0000000-7e40b0021000 rw-p 00000000 00:00 0 
7e40b0021000-7e40b4000000 ---p 00000000 00:00 0 
7e40b4000000-7e40b4021000 rw-p 00000000 00:00 0 
7e40b4021000-7e40b8000000 ---p 00000000 00:00 0 
7e40b8000000-7e40b8021000 rw-p 00000000 00:00 0 
7e40b8021000-7e40bc000000 ---p 00000000 00:00 0 
7e40bc000000-7e40bc021000 rw-p 00000000 00:00 0 
7e40bc021000-7e40c0000000 ---p 00000000 00:00 0 
7e40c0000000-7e40c0133000 rw-p 00000000 00:00 0 
7e40c0133000-7e40c4000000 ---p 00000000 00:00 0 
7e40c4000000-7e40c416a000 rw-p 00000000 00:00 0 
7e40c416a000-7e40c8000000 ---p 00000000 00:00 0 
7e40c8000000-7e40c8021000 rw-p 00000000 00:00 0 
7e40c8021000-7e40cc000000 ---p 00000000 00:00 0 
7e40cc000000-7e40cc2bd000 rw-p 00000000 00:00 0 
7e40cc2bd000-7e40d0000000 ---p 00000000 00:00 0 
7e40d0000000-7e40d0021000 rw-p 00000000 00:00 0 
7e40d0021000-7e40d4000000 ---p 00000000 00:00 0 
7e40d4000000-7e40d4021000 rw-p 00000000 00:00 0 
7e40d4021000-7e40d8000000 ---p 00000000 00:00 0 
7e40d8000000-7e40d82f1000 rw-p 00000000 00:00 0 
7e40d82f1000-7e40dc000000 ---p 00000000 00:00 0 
7e40dc000000-7e40dc021000 rw-p 00000000 00:00 0 
7e40dc021000-7e40e0000000 ---p 00000000 00:00 0 
7e40e0000000-7e40e0021000 rw-p 00000000 00:00 0 
7e40e0021000-7e40e4000000 ---p 00000000 00:00 0 
7e40e4000000-7e40e4840000 rw-p 00000000 00:00 0 
7e40e4840000-7e40e8000000 ---p 00000000 00:00 0 
7e40e8000000-7e40e8021000 rw-p 00000000 00:00 0 
7e40e8021000-7e40ec000000 ---p 00000000 00:00 0 
7e40ec000000-7e40ec021000 rw-p 00000000 00:00 0 
7e40ec021000-7e40f0000000 ---p 00000000 00:00 0 
7e40f0000000-7e40f0021000 rw-p 00000000 00:00 0 
7e40f0021000-7e40f4000000 ---p 00000000 00:00 0 
7e40f4000000-7e40f4021000 rw-p 00000000 00:00 0 
7e40f4021000-7e40f8000000 ---p 00000000 00:00 0 
7e40f8000000-7e40f8430000 rw-p 00000000 00:00 0 
7e40f8430000-7e40f8470000 rw-p 00000000 00:00 0 
7e40f8470000-7e40f84f0000 rw-p 00000000 00:00 0 
7e40f84f0000-7e40f86f0000 rw-p 00000000 00:00 0 
7e40f86f0000-7e40f8730000 rw-p 00000000 00:00 0 
7e40f8730000-7e40f8770000 rw-p 00000000 00:00 0 
7e40f8770000-7e40f8870000 rw-p 00000000 00:00 0 
7e40f8870000-7e40f88f0000 rw-p 00000000 00:00 0 
7e40f88f0000-7e40f8900000 ---p 00000000 00:00 0 
7e40f8900000-7e40f8a00000 rw-p 00000000 00:00 0 
7e40f8a00000-7e40fc000000 ---p 00000000 00:00 0 
7e40fc000000-7e40fc021000 rw-p 00000000 00:00 0 
7e40fc021000-7e4100000000 ---p 00000000 00:00 0 
7e4100000000-7e4100925000 rw-p 00000000 00:00 0 
7e4100925000-7e4104000000 ---p 00000000 00:00 0 
7e4104000000-7e4104021000 rw-p 00000000 00:00 0 
7e4104021000-7e4108000000 ---p 00000000 00:00 0 
7e41085f8000-7e41085fc000 ---p 00000000 00:00 0 
7e41085fc000-7e41086f8000 rw-p 00000000 00:00 0 
7e41086f8000-7e41086fc000 ---p 00000000 00:00 0 
7e41086fc000-7e41087f8000 rw-p 00000000 00:00 0 
7e41087f8000-7e41087f9000 ---p 00000000 00:00 0 
7e41087f9000-7e41088f9000 rw-p 00000000 00:00 0 
7e41088f9000-7e41088fa000 ---p 00000000 00:00 0 
7e41088fa000-7e41089fa000 rw-p 00000000 00:00 0 
7e41089fa000-7e41089fb000 ---p 00000000 00:00 0 
7e41089fb000-7e4108afb000 rw-p 00000000 00:00 0 
7e4108afb000-7e4108aff000 ---p 00000000 00:00 0 
7e4108aff000-7e4108bfb000 rw-p 00000000 00:00 0 
7e4108bfb000-7e4108bff000 ---p 00000000 00:00 0 
7e4108bff000-7e4108cfb000 rw-p 00000000 00:00 0 
7e4108cfb000-7e4108cfc000 ---p 00000000 00:00 0 
7e4108cfc000-7e4108dfc000 rw-p 00000000 00:00 0 
7e4108dfc000-7e4108dfd000 ---p 00000000 00:00 0 
7e4108dfd000-7e4108efd000 rw-p 00000000 00:00 0 
7e4108efd000-7e4108efe000 ---p 00000000 00:00 0 
7e4108efe000-7e4108ffe000 rw-p 00000000 00:00 0 
7e4108ffe000-7e4109002000 ---p 00000000 00:00 0 
7e4109002000-7e41090fe000 rw-p 00000000 00:00 0 
7e41090fe000-7e4109102000 ---p 00000000 00:00 0 
7e4109102000-7e41091fe000 rw-p 00000000 00:00 0 
7e41091fe000-7e4109202000 ---p 00000000 00:00 0 
7e4109202000-7e41092fe000 rw-p 00000000 00:00 0 
7e41092fe000-7e4109302000 ---p 00000000 00:00 0 
7e4109302000-7e41093fe000 rw-p 00000000 00:00 0 
7e41093fe000-7e41093ff000 ---p 00000000 00:00 0 
7e41093ff000-7e41094ff000 rw-p 00000000 00:00 0 
7e41094ff000-7e4109503000 ---p 00000000 00:00 0 
7e4109503000-7e41095ff000 rw-p 00000000 00:00 0 
7e41095ff000-7e4109603000 ---p 00000000 00:00 0 
7e4109603000-7e41096ff000 rw-p 00000000 00:00 0 
7e41096ff000-7e4109703000 ---p 00000000 00:00 0 
7e4109703000-7e41097ff000 rw-p 00000000 00:00 0 
7e41097ff000-7e4109803000 ---p 00000000 00:00 0 
7e4109803000-7e41098ff000 rw-p 00000000 00:00 0 
7e41098ff000-7e4109903000 ---p 00000000 00:00 0 
7e4109903000-7e41099ff000 rw-p 00000000 00:00 0 
7e41099ff000-7e4109a03000 ---p 00000000 00:00 0 
7e4109a03000-7e4109aff000 rw-p 00000000 00:00 0 
7e4109aff000-7e4109b03000 ---p 00000000 00:00 0 
7e4109b03000-7e4109bff000 rw-p 00000000 00:00 0 
7e4109bff000-7e4109c03000 ---p 00000000 00:00 0 
7e4109c03000-7e4109cff000 rw-p 00000000 00:00 0 
7e4109cff000-7e4109d03000 ---p 00000000 00:00 0 
7e4109d03000-7e4109dff000 rw-p 00000000 00:00 0 
7e4109dff000-7e4109e03000 ---p 00000000 00:00 0 
7e4109e03000-7e4109eff000 rw-p 00000000 00:00 0 
7e4109eff000-7e4109f00000 ---p 00000000 00:00 0 
7e4109f00000-7e410a000000 rw-p 00000000 00:00 0 
7e410a000000-7e410c000000 rw-p 00000000 00:00 0 
7e410c000000-7e410c021000 rw-p 00000000 00:00 0 
7e410c021000-7e4110000000 ---p 00000000 00:00 0 
7e4110000000-7e4110021000 rw-p 00000000 00:00 0 
7e4110021000-7e4114000000 ---p 00000000 00:00 0 
7e4114000000-7e4114021000 rw-p 00000000 00:00 0 
7e4114021000-7e4118000000 ---p 00000000 00:00 0 
7e4118068000-7e411806d000 r--p 00000000 fc:01 30941310                   /usr/lib/jvm/java-17-openjdk-amd64/lib/libjsvml.so
7e411806d000-7e41180ae000 r-xp 00005000 fc:01 30941310                   /usr/lib/jvm/java-17-openjdk-amd64/lib/libjsvml.so
7e41180ae000-7e4118137000 r--p 00046000 fc:01 30941310                   /usr/lib/jvm/java-17-openjdk-amd64/lib/libjsvml.so
7e4118137000-7e4118138000 r--p 000ce000 fc:01 30941310                   /usr/lib/jvm/java-17-openjdk-amd64/lib/libjsvml.so
7e4118138000-7e4118139000 rw-p 000cf000 fc:01 30941310                   /usr/lib/jvm/java-17-openjdk-amd64/lib/libjsvml.so
7e4118139000-7e4118215000 rw-p 00000000 00:00 0 
7e4118215000-7e4118216000 ---p 00000000 00:00 0 
7e4118216000-7e4118316000 rw-p 00000000 00:00 0 
7e4118316000-7e4118317000 ---p 00000000 00:00 0 
7e4118317000-7e4118417000 rw-p 00000000 00:00 0 
7e4118417000-7e4119124000 rw-p 00000000 00:00 0 
7e4119124000-7e4119125000 ---p 00000000 00:00 0 
7e4119125000-7e4119225000 rw-p 00000000 00:00 0 
7e4119225000-7e4119226000 ---p 00000000 00:00 0 
7e4119226000-7e4119326000 rw-p 00000000 00:00 0 
7e4119326000-7e4119327000 ---p 00000000 00:00 0 
7e4119327000-7e4119427000 rw-p 00000000 00:00 0 
7e4119427000-7e41195c5000 rw-p 00000000 00:00 0 
7e41195c5000-7e41196dd000 ---p 00000000 00:00 0 
7e41196dd000-7e41196e5000 rw-p 00000000 00:00 0 
7e41196e5000-7e411d045000 ---p 00000000 00:00 0 
7e411d045000-7e411d12d000 rw-p 00000000 00:00 0 
7e411d12d000-7e411d245000 ---p 00000000 00:00 0 
7e411d245000-7e411d24d000 rw-p 00000000 00:00 0 
7e411d24d000-7e4120bad000 ---p 00000000 00:00 0 
7e4120bad000-7e4120bca000 rw-p 00000000 00:00 0 
7e4120bca000-7e4120bed000 ---p 00000000 00:00 0 
7e4120bed000-7e4120bee000 rw-p 00000000 00:00 0 
7e4120bee000-7e412131a000 ---p 00000000 00:00 0 
7e412131a000-7e4121337000 rw-p 00000000 00:00 0 
7e4121337000-7e412135a000 ---p 00000000 00:00 0 
7e412135a000-7e412135b000 rw-p 00000000 00:00 0 
7e412135b000-7e4121a87000 ---p 00000000 00:00 0 
7e4121a87000-7e4121aa4000 rw-p 00000000 00:00 0 
7e4121aa4000-7e4121ac7000 ---p 00000000 00:00 0 
7e4121ac7000-7e4121ac8000 rw-p 00000000 00:00 0 
7e4121ac8000-7e41221f4000 ---p 00000000 00:00 0 
7e41221f4000-7e4122e00000 rw-p 00000000 00:00 0 
7e4122e00000-7e4123160000 rwxp 00000000 00:00 0 
7e4123160000-7e412a25f000 ---p 00000000 00:00 0 
7e412a25f000-7e412a53f000 rwxp 00000000 00:00 0 
7e412a53f000-7e412a9a0000 ---p 00000000 00:00 0 
7e412a9a0000-7e412ac10000 rwxp 00000000 00:00 0 
7e412ac10000-7e4131e00000 ---p 00000000 00:00 0 
7e4131e00000-7e41398b5000 r--s 00000000 fc:01 30941332                   /usr/lib/jvm/java-17-openjdk-amd64/lib/modules
7e41398e7000-7e41398eb000 r--p 00000000 fc:01 30941316                   /usr/lib/jvm/java-17-openjdk-amd64/lib/libnet.so
7e41398eb000-7e41398f9000 r-xp 00004000 fc:01 30941316                   /usr/lib/jvm/java-17-openjdk-amd64/lib/libnet.so
7e41398f9000-7e41398fd000 r--p 00012000 fc:01 30941316                   /usr/lib/jvm/java-17-openjdk-amd64/lib/libnet.so
7e41398fd000-7e41398fe000 r--p 00015000 fc:01 30941316                   /usr/lib/jvm/java-17-openjdk-amd64/lib/libnet.so
7e41398fe000-7e41398ff000 rw-p 00016000 fc:01 30941316                   /usr/lib/jvm/java-17-openjdk-amd64/lib/libnet.so
7e41398ff000-7e4139a00000 rw-p 00000000 00:00 0 
7e4139a00000-7e4139c51000 r--p 00000000 fc:01 30941340                   /usr/lib/jvm/java-17-openjdk-amd64/lib/server/libjvm.so
7e4139c51000-7e413a9c6000 r-xp 00251000 fc:01 30941340                   /usr/lib/jvm/java-17-openjdk-amd64/lib/server/libjvm.so
7e413a9c6000-7e413ac49000 r--p 00fc6000 fc:01 30941340                   /usr/lib/jvm/java-17-openjdk-amd64/lib/server/libjvm.so
7e413ac49000-7e413ac4a000 ---p 01249000 fc:01 30941340                   /usr/lib/jvm/java-17-openjdk-amd64/lib/server/libjvm.so
7e413ac4a000-7e413ad02000 r--p 01249000 fc:01 30941340                   /usr/lib/jvm/java-17-openjdk-amd64/lib/server/libjvm.so
7e413ad02000-7e413ad37000 rw-p 01301000 fc:01 30941340                   /usr/lib/jvm/java-17-openjdk-amd64/lib/server/libjvm.so
7e413ad37000-7e413ad91000 rw-p 00000000 00:00 0 
7e413ad92000-7e413ad94000 r--p 00000000 fc:01 30941330                   /usr/lib/jvm/java-17-openjdk-amd64/lib/libzip.so
7e413ad94000-7e413ad99000 r-xp 00002000 fc:01 30941330                   /usr/lib/jvm/java-17-openjdk-amd64/lib/libzip.so
7e413ad99000-7e413ad9b000 r--p 00007000 fc:01 30941330                   /usr/lib/jvm/java-17-openjdk-amd64/lib/libzip.so
7e413ad9b000-7e413ad9c000 r--p 00008000 fc:01 30941330                   /usr/lib/jvm/java-17-openjdk-amd64/lib/libzip.so
7e413ad9c000-7e413ad9d000 rw-p 00009000 fc:01 30941330                   /usr/lib/jvm/java-17-openjdk-amd64/lib/libzip.so
7e413ad9d000-7e413ada2000 rw-p 00000000 00:00 0 
7e413ada2000-7e413ae86000 ---p 00000000 00:00 0 
7e413ae86000-7e413ae8d000 rw-p 00000000 00:00 0 
7e413ae8d000-7e413af6f000 ---p 00000000 00:00 0 
7e413af6f000-7e413b400000 rw-p 00000000 00:00 0 
7e413b400000-7e413b49c000 r--p 00000000 fc:01 30677940                   /usr/lib/x86_64-linux-gnu/libstdc++.so.6.0.32
7e413b49c000-7e413b5cd000 r-xp 0009c000 fc:01 30677940                   /usr/lib/x86_64-linux-gnu/libstdc++.so.6.0.32
7e413b5cd000-7e413b65a000 r--p 001cd000 fc:01 30677940                   /usr/lib/x86_64-linux-gnu/libstdc++.so.6.0.32
7e413b65a000-7e413b65b000 ---p 0025a000 fc:01 30677940                   /usr/lib/x86_64-linux-gnu/libstdc++.so.6.0.32
7e413b65b000-7e413b666000 r--p 0025a000 fc:01 30677940                   /usr/lib/x86_64-linux-gnu/libstdc++.so.6.0.32
7e413b666000-7e413b669000 rw-p 00265000 fc:01 30677940                   /usr/lib/x86_64-linux-gnu/libstdc++.so.6.0.32
7e413b669000-7e413b66d000 rw-p 00000000 00:00 0 
7e413b676000-7e413b679000 r--p 00000000 fc:01 30677649                   /usr/lib/x86_64-linux-gnu/liblzma.so.5.2.5
7e413b679000-7e413b694000 r-xp 00003000 fc:01 30677649                   /usr/lib/x86_64-linux-gnu/liblzma.so.5.2.5
7e413b694000-7e413b69f000 r--p 0001e000 fc:01 30677649                   /usr/lib/x86_64-linux-gnu/liblzma.so.5.2.5
7e413b69f000-7e413b6a0000 r--p 00028000 fc:01 30677649                   /usr/lib/x86_64-linux-gnu/liblzma.so.5.2.5
7e413b6a0000-7e413b6a1000 rw-p 00029000 fc:01 30677649                   /usr/lib/x86_64-linux-gnu/liblzma.so.5.2.5
7e413b6a5000-7e413b6ac000 r--p 00000000 fc:01 30941317                   /usr/lib/jvm/java-17-openjdk-amd64/lib/libnio.so
7e413b6ac000-7e413b6b5000 r-xp 00007000 fc:01 30941317                   /usr/lib/jvm/java-17-openjdk-amd64/lib/libnio.so
7e413b6b5000-7e413b6b9000 r--p 00010000 fc:01 30941317                   /usr/lib/jvm/java-17-openjdk-amd64/lib/libnio.so
7e413b6b9000-7e413b6ba000 ---p 00014000 fc:01 30941317                   /usr/lib/jvm/java-17-openjdk-amd64/lib/libnio.so
7e413b6ba000-7e413b6bb000 r--p 00014000 fc:01 30941317                   /usr/lib/jvm/java-17-openjdk-amd64/lib/libnio.so
7e413b6bb000-7e413b6bc000 rw-p 00015000 fc:01 30941317                   /usr/lib/jvm/java-17-openjdk-amd64/lib/libnio.so
7e413b6bc000-7e413b6bf000 r--p 00000000 fc:01 296138                     /usr/lib/python3.10/lib-dynload/_lzma.cpython-310-x86_64-linux-gnu.so
7e413b6bf000-7e413b6c3000 r-xp 00003000 fc:01 296138                     /usr/lib/python3.10/lib-dynload/_lzma.cpython-310-x86_64-linux-gnu.so
7e413b6c3000-7e413b6c6000 r--p 00007000 fc:01 296138                     /usr/lib/python3.10/lib-dynload/_lzma.cpython-310-x86_64-linux-gnu.so
7e413b6c6000-7e413b6c7000 r--p 00009000 fc:01 296138                     /usr/lib/python3.10/lib-dynload/_lzma.cpython-310-x86_64-linux-gnu.so
7e413b6c7000-7e413b6c8000 rw-p 0000a000 fc:01 296138                     /usr/lib/python3.10/lib-dynload/_lzma.cpython-310-x86_64-linux-gnu.so
7e413b6c8000-7e413b6cd000 r--p 00000000 fc:01 30677688                   /usr/lib/x86_64-linux-gnu/libmpdec.so.2.5.1
7e413b6cd000-7e413b6ee000 r-xp 00005000 fc:01 30677688                   /usr/lib/x86_64-linux-gnu/libmpdec.so.2.5.1
7e413b6ee000-7e413b6f5000 r--p 00026000 fc:01 30677688                   /usr/lib/x86_64-linux-gnu/libmpdec.so.2.5.1
7e413b6f5000-7e413b6f6000 r--p 0002c000 fc:01 30677688                   /usr/lib/x86_64-linux-gnu/libmpdec.so.2.5.1
7e413b6f6000-7e413b6f7000 rw-p 0002d000 fc:01 30677688                   /usr/lib/x86_64-linux-gnu/libmpdec.so.2.5.1
7e413b6f8000-7e413b6fe000 rw-p 00000000 00:00 0 
7e413b6fe000-7e413b707000 ---p 00000000 00:00 0 
7e413b707000-7e413b713000 r--p 00000000 fc:01 30941303                   /usr/lib/jvm/java-17-openjdk-amd64/lib/libjava.so
7e413b713000-7e413b726000 r-xp 0000c000 fc:01 30941303                   /usr/lib/jvm/java-17-openjdk-amd64/lib/libjava.so
7e413b726000-7e413b72c000 r--p 0001f000 fc:01 30941303                   /usr/lib/jvm/java-17-openjdk-amd64/lib/libjava.so
7e413b72c000-7e413b72d000 r--p 00024000 fc:01 30941303                   /usr/lib/jvm/java-17-openjdk-amd64/lib/libjava.so
7e413b72d000-7e413b72e000 rw-p 00025000 fc:01 30941303                   /usr/lib/jvm/java-17-openjdk-amd64/lib/libjava.so
7e413b72e000-7e413b72f000 rw-p 00000000 00:00 0 
7e413b72f000-7e413b737000 rw-s 00000000 fc:01 13500627                   /tmp/hsperfdata_kgorna/590584
7e413b737000-7e413b739000 r--p 00000000 fc:01 30941306                   /usr/lib/jvm/java-17-openjdk-amd64/lib/libjimage.so
7e413b739000-7e413b73c000 r-xp 00002000 fc:01 30941306                   /usr/lib/jvm/java-17-openjdk-amd64/lib/libjimage.so
7e413b73c000-7e413b73d000 r--p 00005000 fc:01 30941306                   /usr/lib/jvm/java-17-openjdk-amd64/lib/libjimage.so
7e413b73d000-7e413b73e000 ---p 00006000 fc:01 30941306                   /usr/lib/jvm/java-17-openjdk-amd64/lib/libjimage.so
7e413b73e000-7e413b73f000 r--p 00006000 fc:01 30941306                   /usr/lib/jvm/java-17-openjdk-amd64/lib/libjimage.so
7e413b73f000-7e413b740000 rw-p 00007000 fc:01 30941306                   /usr/lib/jvm/java-17-openjdk-amd64/lib/libjimage.so
7e413b740000-7e413b77b000 r--p 00000000 fc:01 28521894                   /home/kgorna/.local/lib/python3.10/site-packages/_jpype.cpython-310-x86_64-linux-gnu.so
7e413b77b000-7e413b7cf000 r-xp 0003b000 fc:01 28521894                   /home/kgorna/.local/lib/python3.10/site-packages/_jpype.cpython-310-x86_64-linux-gnu.so
7e413b7cf000-7e413b7f7000 r--p 0008f000 fc:01 28521894                   /home/kgorna/.local/lib/python3.10/site-packages/_jpype.cpython-310-x86_64-linux-gnu.so
7e413b7f7000-7e413b7f8000 ---p 000b7000 fc:01 28521894                   /home/kgorna/.local/lib/python3.10/site-packages/_jpype.cpython-310-x86_64-linux-gnu.so
7e413b7f8000-7e413b7fc000 r--p 000b7000 fc:01 28521894                   /home/kgorna/.local/lib/python3.10/site-packages/_jpype.cpython-310-x86_64-linux-gnu.so
7e413b7fc000-7e413b800000 rw-p 000bb000 fc:01 28521894                   /home/kgorna/.local/lib/python3.10/site-packages/_jpype.cpython-310-x86_64-linux-gnu.so
7e413b800000-7e413bc00000 rw-p 00000000 00:00 0 
7e413bc00000-7e413c174000 r--p 00000000 fc:01 30672868                   /usr/lib/locale/locale-archive
7e413c176000-7e413c177000 r--p 00000000 fc:01 300627                     /usr/lib/python3.10/lib-dynload/_opcode.cpython-310-x86_64-linux-gnu.so
7e413c177000-7e413c178000 r-xp 00001000 fc:01 300627                     /usr/lib/python3.10/lib-dynload/_opcode.cpython-310-x86_64-linux-gnu.so
7e413c178000-7e413c179000 r--p 00002000 fc:01 300627                     /usr/lib/python3.10/lib-dynload/_opcode.cpython-310-x86_64-linux-gnu.so
7e413c179000-7e413c17a000 r--p 00002000 fc:01 300627                     /usr/lib/python3.10/lib-dynload/_opcode.cpython-310-x86_64-linux-gnu.so
7e413c17a000-7e413c17b000 rw-p 00003000 fc:01 300627                     /usr/lib/python3.10/lib-dynload/_opcode.cpython-310-x86_64-linux-gnu.so
7e413c17b000-7e413c181000 r--p 00000000 fc:01 293130                     /usr/lib/python3.10/lib-dynload/_ctypes.cpython-310-x86_64-linux-gnu.so
7e413c181000-7e413c191000 r-xp 00006000 fc:01 293130                     /usr/lib/python3.10/lib-dynload/_ctypes.cpython-310-x86_64-linux-gnu.so
7e413c191000-7e413c197000 r--p 00016000 fc:01 293130                     /usr/lib/python3.10/lib-dynload/_ctypes.cpython-310-x86_64-linux-gnu.so
7e413c197000-7e413c198000 r--p 0001b000 fc:01 293130                     /usr/lib/python3.10/lib-dynload/_ctypes.cpython-310-x86_64-linux-gnu.so
7e413c198000-7e413c19c000 rw-p 0001c000 fc:01 293130                     /usr/lib/python3.10/lib-dynload/_ctypes.cpython-310-x86_64-linux-gnu.so
7e413c19c000-7e413c19f000 r--p 00000000 fc:01 30677939                   /usr/lib/x86_64-linux-gnu/libgcc_s.so.1
7e413c19f000-7e413c1ba000 r-xp 00003000 fc:01 30677939                   /usr/lib/x86_64-linux-gnu/libgcc_s.so.1
7e413c1ba000-7e413c1be000 r--p 0001e000 fc:01 30677939                   /usr/lib/x86_64-linux-gnu/libgcc_s.so.1
7e413c1be000-7e413c1bf000 r--p 00021000 fc:01 30677939                   /usr/lib/x86_64-linux-gnu/libgcc_s.so.1
7e413c1bf000-7e413c1c0000 rw-p 00022000 fc:01 30677939                   /usr/lib/x86_64-linux-gnu/libgcc_s.so.1
7e413c1c0000-7e413c1c2000 r--p 00000000 fc:01 30677002                   /usr/lib/x86_64-linux-gnu/libbz2.so.1.0.4
7e413c1c2000-7e413c1cf000 r-xp 00002000 fc:01 30677002                   /usr/lib/x86_64-linux-gnu/libbz2.so.1.0.4
7e413c1cf000-7e413c1d1000 r--p 0000f000 fc:01 30677002                   /usr/lib/x86_64-linux-gnu/libbz2.so.1.0.4
7e413c1d1000-7e413c1d2000 r--p 00010000 fc:01 30677002                   /usr/lib/x86_64-linux-gnu/libbz2.so.1.0.4
7e413c1d2000-7e413c1d3000 rw-p 00011000 fc:01 30677002                   /usr/lib/x86_64-linux-gnu/libbz2.so.1.0.4
7e413c1d3000-7e413c1db000 r--p 00000000 fc:01 293261                     /usr/lib/python3.10/lib-dynload/_decimal.cpython-310-x86_64-linux-gnu.so
7e413c1db000-7e413c1f0000 r-xp 00008000 fc:01 293261                     /usr/lib/python3.10/lib-dynload/_decimal.cpython-310-x86_64-linux-gnu.so
7e413c1f0000-7e413c1fc000 r--p 0001d000 fc:01 293261                     /usr/lib/python3.10/lib-dynload/_decimal.cpython-310-x86_64-linux-gnu.so
7e413c1fc000-7e413c1fd000 r--p 00028000 fc:01 293261                     /usr/lib/python3.10/lib-dynload/_decimal.cpython-310-x86_64-linux-gnu.so
7e413c1fd000-7e413c200000 rw-p 00029000 fc:01 293261                     /usr/lib/python3.10/lib-dynload/_decimal.cpython-310-x86_64-linux-gnu.so
7e413c200000-7e413c228000 r--p 00000000 fc:01 30673135                   /usr/lib/x86_64-linux-gnu/libc.so.6
7e413c228000-7e413c3bd000 r-xp 00028000 fc:01 30673135                   /usr/lib/x86_64-linux-gnu/libc.so.6
7e413c3bd000-7e413c415000 r--p 001bd000 fc:01 30673135                   /usr/lib/x86_64-linux-gnu/libc.so.6
7e413c415000-7e413c416000 ---p 00215000 fc:01 30673135                   /usr/lib/x86_64-linux-gnu/libc.so.6
7e413c416000-7e413c41a000 r--p 00215000 fc:01 30673135                   /usr/lib/x86_64-linux-gnu/libc.so.6
7e413c41a000-7e413c41c000 rw-p 00219000 fc:01 30673135                   /usr/lib/x86_64-linux-gnu/libc.so.6
7e413c41c000-7e413c429000 rw-p 00000000 00:00 0 
7e413c42b000-7e413c42c000 ---p 00000000 00:00 0 
7e413c42c000-7e413c42d000 r--p 00000000 00:00 0 
7e413c42d000-7e413c42f000 r--p 00000000 fc:01 30677239                   /usr/lib/x86_64-linux-gnu/libffi.so.8.1.0
7e413c42f000-7e413c436000 r-xp 00002000 fc:01 30677239                   /usr/lib/x86_64-linux-gnu/libffi.so.8.1.0
7e413c436000-7e413c437000 r--p 00009000 fc:01 30677239                   /usr/lib/x86_64-linux-gnu/libffi.so.8.1.0
7e413c437000-7e413c438000 ---p 0000a000 fc:01 30677239                   /usr/lib/x86_64-linux-gnu/libffi.so.8.1.0
7e413c438000-7e413c439000 r--p 0000a000 fc:01 30677239                   /usr/lib/x86_64-linux-gnu/libffi.so.8.1.0
7e413c439000-7e413c43a000 rw-p 0000b000 fc:01 30677239                   /usr/lib/x86_64-linux-gnu/libffi.so.8.1.0
7e413c43a000-7e413c4a1000 rw-p 00000000 00:00 0 
7e413c4a1000-7e413c4a3000 r--p 00000000 fc:01 30691327                   /usr/lib/x86_64-linux-gnu/libz.so.1.2.11
7e413c4a3000-7e413c4b4000 r-xp 00002000 fc:01 30691327                   /usr/lib/x86_64-linux-gnu/libz.so.1.2.11
7e413c4b4000-7e413c4ba000 r--p 00013000 fc:01 30691327                   /usr/lib/x86_64-linux-gnu/libz.so.1.2.11
7e413c4ba000-7e413c4bb000 ---p 00019000 fc:01 30691327                   /usr/lib/x86_64-linux-gnu/libz.so.1.2.11
7e413c4bb000-7e413c4bc000 r--p 00019000 fc:01 30691327                   /usr/lib/x86_64-linux-gnu/libz.so.1.2.11
7e413c4bc000-7e413c4bd000 rw-p 0001a000 fc:01 30691327                   /usr/lib/x86_64-linux-gnu/libz.so.1.2.11
7e413c4bd000-7e413c4c1000 r--p 00000000 fc:01 30670951                   /usr/lib/x86_64-linux-gnu/libexpat.so.1.8.7
7e413c4c1000-7e413c4e0000 r-xp 00004000 fc:01 30670951                   /usr/lib/x86_64-linux-gnu/libexpat.so.1.8.7
7e413c4e0000-7e413c4ea000 r--p 00023000 fc:01 30670951                   /usr/lib/x86_64-linux-gnu/libexpat.so.1.8.7
7e413c4ea000-7e413c4eb000 ---p 0002d000 fc:01 30670951                   /usr/lib/x86_64-linux-gnu/libexpat.so.1.8.7
7e413c4eb000-7e413c4ed000 r--p 0002d000 fc:01 30670951                   /usr/lib/x86_64-linux-gnu/libexpat.so.1.8.7
7e413c4ed000-7e413c4ee000 rw-p 0002f000 fc:01 30670951                   /usr/lib/x86_64-linux-gnu/libexpat.so.1.8.7
7e413c4ee000-7e413c4fc000 r--p 00000000 fc:01 30674434                   /usr/lib/x86_64-linux-gnu/libm.so.6
7e413c4fc000-7e413c578000 r-xp 0000e000 fc:01 30674434                   /usr/lib/x86_64-linux-gnu/libm.so.6
7e413c578000-7e413c5d3000 r--p 0008a000 fc:01 30674434                   /usr/lib/x86_64-linux-gnu/libm.so.6
7e413c5d3000-7e413c5d4000 r--p 000e4000 fc:01 30674434                   /usr/lib/x86_64-linux-gnu/libm.so.6
7e413c5d4000-7e413c5d5000 rw-p 000e5000 fc:01 30674434                   /usr/lib/x86_64-linux-gnu/libm.so.6
7e413c5d5000-7e413c5d6000 r--p 00000000 00:00 0 
7e413c5d6000-7e413c5d8000 r--p 00000000 fc:01 291524                     /usr/lib/python3.10/lib-dynload/_bz2.cpython-310-x86_64-linux-gnu.so
7e413c5d8000-7e413c5db000 r-xp 00002000 fc:01 291524                     /usr/lib/python3.10/lib-dynload/_bz2.cpython-310-x86_64-linux-gnu.so
7e413c5db000-7e413c5dd000 r--p 00005000 fc:01 291524                     /usr/lib/python3.10/lib-dynload/_bz2.cpython-310-x86_64-linux-gnu.so
7e413c5dd000-7e413c5de000 r--p 00006000 fc:01 291524                     /usr/lib/python3.10/lib-dynload/_bz2.cpython-310-x86_64-linux-gnu.so
7e413c5de000-7e413c5df000 rw-p 00007000 fc:01 291524                     /usr/lib/python3.10/lib-dynload/_bz2.cpython-310-x86_64-linux-gnu.so
7e413c5df000-7e413c5e0000 r--p 00000000 fc:01 30675133                   /usr/lib/x86_64-linux-gnu/libpthread.so.0
7e413c5e0000-7e413c5e1000 r-xp 00001000 fc:01 30675133                   /usr/lib/x86_64-linux-gnu/libpthread.so.0
7e413c5e1000-7e413c5e2000 r--p 00002000 fc:01 30675133                   /usr/lib/x86_64-linux-gnu/libpthread.so.0
7e413c5e2000-7e413c5e3000 r--p 00002000 fc:01 30675133                   /usr/lib/x86_64-linux-gnu/libpthread.so.0
7e413c5e3000-7e413c5e4000 rw-p 00003000 fc:01 30675133                   /usr/lib/x86_64-linux-gnu/libpthread.so.0
7e413c5e4000-7e413c5e5000 r--p 00000000 fc:01 30674427                   /usr/lib/x86_64-linux-gnu/libdl.so.2
7e413c5e5000-7e413c5e6000 r-xp 00001000 fc:01 30674427                   /usr/lib/x86_64-linux-gnu/libdl.so.2
7e413c5e6000-7e413c5e7000 r--p 00002000 fc:01 30674427                   /usr/lib/x86_64-linux-gnu/libdl.so.2
7e413c5e7000-7e413c5e8000 r--p 00002000 fc:01 30674427                   /usr/lib/x86_64-linux-gnu/libdl.so.2
7e413c5e8000-7e413c5e9000 rw-p 00003000 fc:01 30674427                   /usr/lib/x86_64-linux-gnu/libdl.so.2
7e413c5e9000-7e413c5f0000 r--s 00000000 fc:01 315917                     /usr/lib/x86_64-linux-gnu/gconv/gconv-modules.cache
7e413c5f0000-7e413c5f2000 rw-p 00000000 00:00 0 
7e413c5f2000-7e413c5f4000 r--p 00000000 fc:01 30673079                   /usr/lib/x86_64-linux-gnu/ld-linux-x86-64.so.2
7e413c5f4000-7e413c61e000 r-xp 00002000 fc:01 30673079                   /usr/lib/x86_64-linux-gnu/ld-linux-x86-64.so.2
7e413c61e000-7e413c629000 r--p 0002c000 fc:01 30673079                   /usr/lib/x86_64-linux-gnu/ld-linux-x86-64.so.2
7e413c629000-7e413c62a000 ---p 00000000 00:00 0 
7e413c62a000-7e413c62c000 r--p 00037000 fc:01 30673079                   /usr/lib/x86_64-linux-gnu/ld-linux-x86-64.so.2
7e413c62c000-7e413c62e000 rw-p 00039000 fc:01 30673079                   /usr/lib/x86_64-linux-gnu/ld-linux-x86-64.so.2
7ffcfa313000-7ffcfa317000 ---p 00000000 00:00 0 
7ffcfa317000-7ffcfa413000 rw-p 00000000 00:00 0                          [stack]
7ffcfa41a000-7ffcfa41e000 r--p 00000000 00:00 0                          [vvar]
7ffcfa41e000-7ffcfa420000 r-xp 00000000 00:00 0                          [vdso]
ffffffffff600000-ffffffffff601000 --xp 00000000 00:00 0                  [vsyscall]


VM Arguments:
jvm_args: -Djava.system.class.loader=ghidra.GhidraClassLoader -Dfile.encoding=UTF8 -Duser.country=US -Duser.language=en -Duser.variant= -Dsun.java2d.opengl=false -Dsun.java2d.pmoffscreen=false -Dsun.java2d.xrender=true -Dsun.java2d.uiScale=1 -Dawt.useSystemAAFontSettings=on -Djdk.tls.client.protocols=TLSv1.2,TLSv1.3 -Dcpu.core.limit= -Dcpu.core.override= -Dfont.size.override= -Dpython.console.encoding=UTF-8 -Xshare:off 
java_command: <unknown>
java_class_path (initial): /home/kgorna/ghidra_11.0.3_PUBLIC/Ghidra/Framework/Utility/lib/Utility.jar
Launcher Type: generic

[Global flags]
     intx CICompilerCount                          = 12                                        {product} {ergonomic}
     uint ConcGCThreads                            = 3                                         {product} {ergonomic}
     uint G1ConcRefinementThreads                  = 13                                        {product} {ergonomic}
   size_t G1HeapRegionSize                         = 2097152                                   {product} {ergonomic}
    uintx GCDrainStackTargetSize                   = 64                                        {product} {ergonomic}
   size_t InitialHeapSize                          = 249561088                                 {product} {ergonomic}
   size_t MarkStackSize                            = 4194304                                   {product} {ergonomic}
   size_t MaxHeapSize                              = 3986685952                                {product} {ergonomic}
   size_t MaxNewSize                               = 2390753280                                {product} {ergonomic}
   size_t MinHeapDeltaBytes                        = 2097152                                   {product} {ergonomic}
   size_t MinHeapSize                              = 8388608                                   {product} {ergonomic}
    uintx NonNMethodCodeHeapSize                   = 7602480                                {pd product} {ergonomic}
    uintx NonProfiledCodeHeapSize                  = 122027880                              {pd product} {ergonomic}
    uintx ProfiledCodeHeapSize                     = 122027880                              {pd product} {ergonomic}
     bool RequireSharedSpaces                      = false                                     {product} {command line}
    uintx ReservedCodeCacheSize                    = 251658240                              {pd product} {ergonomic}
     bool SegmentedCodeCache                       = true                                      {product} {ergonomic}
   size_t SoftMaxHeapSize                          = 3986685952                             {manageable} {ergonomic}
     bool UseCompressedClassPointers               = true                           {product lp64_product} {ergonomic}
     bool UseCompressedOops                        = true                           {product lp64_product} {ergonomic}
     bool UseG1GC                                  = true                                      {product} {ergonomic}
     bool UseSharedSpaces                          = false                                     {product} {command line}

Logging:
Log output configuration:
 #0: stdout all=warning uptime,level,tags
 #1: stderr all=off uptime,level,tags

Environment Variables:
JAVA_HOME=/usr/lib/jvm/java-17-openjdk-amd64
PATH=/usr/lib/jvm/java-17-openjdk-amd64/bin:/home/kgorna/.local/bin:/home/kgorna/.local/bin:/usr/lib/jvm/java-17-openjdk-amd64/bin:/home/kgorna/.local/bin:/tmp/.mount_CursorVzsTN5/usr/bin/:/tmp/.mount_CursorVzsTN5/usr/sbin/:/tmp/.mount_CursorVzsTN5/usr/games/:/tmp/.mount_CursorVzsTN5/bin/:/tmp/.mount_CursorVzsTN5/sbin/:/usr/lib/jvm/java-17-openjdk-amd64/bin:/home/kgorna/.local/bin:/home/kgorna/.cargo/bin:/home/kgorna/.local/bin:/usr/local/sbin:/usr/local/bin:/usr/sbin:/usr/bin:/sbin:/bin:/usr/games:/usr/local/games:/snap/bin:/snap/bin:/home/kgorna/Documents/test/reth/bin/reth:/usr/local/go/bin:/home/kgorna/go/bin:/home/kgorna/.foundry/bin:/home/kgorna/.risc0/bin:/usr/local/go/bin:/home/kgorna/go/bin:/home/kgorna/.foundry/bin:/home/kgorna/.risc0/bin:/home/kgorna/Documents/test/reth/bin/reth:/usr/local/go/bin:/home/kgorna/go/bin:/home/kgorna/.foundry/bin:/home/kgorna/.risc0/bin
USERNAME=kgorna
LD_LIBRARY_PATH=/home/kgorna/Documents/zorya/target/release/build/capstone-sys-905abeade89f2e12/out:/home/kgorna/Documents/zorya/target/release/build/cxx-f4e61b342d45869d/out:/home/kgorna/Documents/zorya/target/release/build/ghidra-decompiler-448ceebb712c7f9b/out:/home/kgorna/Documents/zorya/target/release/build/link-cplusplus-f67019b8f9f67464/out:/home/kgorna/Documents/zorya/target/release/deps:/home/kgorna/Documents/zorya/target/release:/home/kgorna/.rustup/toolchains/stable-x86_64-unknown-linux-gnu/lib/rustlib/x86_64-unknown-linux-gnu/lib:/home/kgorna/.rustup/toolchains/stable-x86_64-unknown-linux-gnu/lib:/tmp/.mount_CursorVzsTN5/usr/lib/:/tmp/.mount_CursorVzsTN5/usr/lib32/:/tmp/.mount_CursorVzsTN5/usr/lib64/:/tmp/.mount_CursorVzsTN5/lib/:/tmp/.mount_CursorVzsTN5/lib/i386-linux-gnu/:/tmp/.mount_CursorVzsTN5/lib/x86_64-linux-gnu/:/tmp/.mount_CursorVzsTN5/lib/aarch64-linux-gnu/:/tmp/.mount_CursorVzsTN5/lib32/:/tmp/.mount_CursorVzsTN5/lib64/:
SHELL=/bin/bash
DISPLAY=:1
LANG=en_US.UTF-8
LC_NUMERIC=fr_FR.UTF-8
LC_TIME=fr_FR.UTF-8
TERM=xterm-256color

Active Locale:
LC_ALL=LC_CTYPE=en_US.UTF-8;LC_NUMERIC=C;LC_TIME=C;LC_COLLATE=C;LC_MONETARY=C;LC_MESSAGES=C;LC_PAPER=fr_FR.UTF-8;LC_NAME=fr_FR.UTF-8;LC_ADDRESS=fr_FR.UTF-8;LC_TELEPHONE=fr_FR.UTF-8;LC_MEASUREMENT=fr_FR.UTF-8;LC_IDENTIFICATION=fr_FR.UTF-8
LC_COLLATE=C
LC_CTYPE=en_US.UTF-8
LC_MESSAGES=C
LC_MONETARY=C
LC_NUMERIC=C
LC_TIME=C

Signal Handlers:
   SIGSEGV: crash_handler in libjvm.so, mask=11100100010111111101111111111110, flags=SA_RESTART|SA_SIGINFO, unblocked
    SIGBUS: crash_handler in libjvm.so, mask=11100100010111111101111111111110, flags=SA_RESTART|SA_SIGINFO, unblocked
    SIGFPE: crash_handler in libjvm.so, mask=11100100010111111101111111111110, flags=SA_RESTART|SA_SIGINFO, unblocked
   SIGPIPE: javaSignalHandler in libjvm.so, mask=11100100010111111101111111111110, flags=SA_RESTART|SA_SIGINFO, blocked
   SIGXFSZ: javaSignalHandler in libjvm.so, mask=11100100010111111101111111111110, flags=SA_RESTART|SA_SIGINFO, blocked
    SIGILL: crash_handler in libjvm.so, mask=11100100010111111101111111111110, flags=SA_RESTART|SA_SIGINFO, unblocked
   SIGUSR2: SR_handler in libjvm.so, mask=00000000000000000000000000000000, flags=SA_RESTART|SA_SIGINFO, blocked
    SIGHUP: UserHandler in libjvm.so, mask=11100100010111111101111111111110, flags=SA_RESTART|SA_SIGINFO, blocked
    SIGINT: UserHandler in libjvm.so, mask=11100100010111111101111111111110, flags=SA_RESTART|SA_SIGINFO, blocked
   SIGTERM: UserHandler in libjvm.so, mask=11100100010111111101111111111110, flags=SA_RESTART|SA_SIGINFO, blocked
   SIGQUIT: UserHandler in libjvm.so, mask=11100100010111111101111111111110, flags=SA_RESTART|SA_SIGINFO, blocked
   SIGTRAP: crash_handler in libjvm.so, mask=11100100010111111101111111111110, flags=SA_RESTART|SA_SIGINFO, unblocked


Periodic native trim disabled


---------------  S Y S T E M  ---------------

OS:
DISTRIB_ID=Ubuntu
DISTRIB_RELEASE=22.04
DISTRIB_CODENAME=jammy
DISTRIB_DESCRIPTION="Ubuntu 22.04.5 LTS"
uname: Linux 6.8.0-78-generic #78~22.04.1-Ubuntu SMP PREEMPT_DYNAMIC Wed Aug 13 14:32:06 UTC 2 x86_64
OS uptime: 1 days 5:49 hours
libc: glibc 2.35 NPTL 2.35 
rlimit (soft/hard): STACK 8192k/infinity , CORE 0k/infinity , NPROC 60123/60123 , NOFILE 1048576/1048576 , AS infinity/infinity , CPU infinity/infinity , DATA infinity/infinity , FSIZE infinity/infinity , MEMLOCK 1946508k/1946508k
load average: 2.98 2.78 2.77

/proc/meminfo:
MemTotal:       15572064 kB
MemFree:          964452 kB
MemAvailable:    4499512 kB
Buffers:           65732 kB
Cached:          2910512 kB
SwapCached:       893804 kB
Active:          6512636 kB
Inactive:        4638536 kB
Active(anon):    5948752 kB
Inactive(anon):  2334228 kB
Active(file):     563884 kB
Inactive(file):  2304308 kB
Unevictable:         176 kB
Mlocked:             176 kB
SwapTotal:      16777212 kB
SwapFree:        9257580 kB
Zswap:                 0 kB
Zswapped:              0 kB
Dirty:              1252 kB
Writeback:             0 kB
AnonPages:       8067492 kB
Mapped:           872536 kB
Shmem:            108504 kB
KReclaimable:    1075412 kB
Slab:            1529684 kB
SReclaimable:    1075412 kB
SUnreclaim:       454272 kB
KernelStack:       37472 kB
PageTables:       126276 kB
SecPageTables:         0 kB
NFS_Unstable:          0 kB
Bounce:                0 kB
WritebackTmp:          0 kB
CommitLimit:    24563244 kB
Committed_AS:   54280968 kB
VmallocTotal:   34359738367 kB
VmallocUsed:      280060 kB
VmallocChunk:          0 kB
Percpu:            21248 kB
HardwareCorrupted:     0 kB
AnonHugePages:         0 kB
ShmemHugePages:        0 kB
ShmemPmdMapped:        0 kB
FileHugePages:         0 kB
FilePmdMapped:         0 kB
Unaccepted:            0 kB
HugePages_Total:       0
HugePages_Free:        0
HugePages_Rsvd:        0
HugePages_Surp:        0
Hugepagesize:       2048 kB
Hugetlb:               0 kB
DirectMap4k:     5433404 kB
DirectMap2M:    10532864 kB
DirectMap1G:     1048576 kB

/sys/kernel/mm/transparent_hugepage/enabled: always [madvise] never
/sys/kernel/mm/transparent_hugepage/hpage_pmd_size: 2097152
/sys/kernel/mm/transparent_hugepage/defrag (defrag/compaction efforts parameter): always defer defer+madvise [madvise] never

Process Memory:
Virtual Size: 7786548K (peak: 7847980K)
Resident Set Size: 156720K (peak: 156720K) (anon: 130096K, file: 26624K, shmem: 0K)
Swapped out: 0K
C-Heap outstanding allocations: 74297K, retained: 21502K
glibc malloc tunables: (default)

/proc/sys/kernel/threads-max (system-wide limit on the number of threads): 120246
/proc/sys/vm/max_map_count (maximum number of memory map areas a process may have): 65530
/proc/sys/vm/swappiness (control to define how aggressively the kernel swaps out anonymous memory): 60
/proc/sys/kernel/pid_max (system-wide limit on number of process identifiers): 4194304

container (cgroup) information:
container_type: cgroupv2
cpu_cpuset_cpus: not supported
cpu_memory_nodes: not supported
active_processor_count: 16
cpu_quota: not supported
cpu_period: not supported
cpu_shares: not supported
memory_limit_in_bytes: unlimited
memory_and_swap_limit_in_bytes: unlimited
memory_soft_limit_in_bytes: 0
memory_usage_in_bytes: 5575544 k
memory_max_usage_in_bytes: not supported
memory_swap_current_in_bytes: 3578880 k
memory_swap_max_limit_in_bytes: unlimited
maximum number of tasks: 18036
current number of tasks: 368

Steal ticks since vm start: 0
Steal ticks percentage since vm start:  0.000

CPU: total 16 (initial active 16) (16 cores per cpu, 2 threads per core) family 23 model 96 stepping 1 microcode 0x860010d, cx8, cmov, fxsr, ht, mmx, 3dnowpref, sse, sse2, sse3, ssse3, sse4a, sse4.1, sse4.2, popcnt, lzcnt, tsc, tscinvbit, avx, avx2, aes, clmul, bmi1, bmi2, adx, sha, fma, vzeroupper, clflush, clflushopt
CPU Model and flags from /proc/cpuinfo:
model name	: AMD Ryzen 7 PRO 4750U with Radeon Graphics
flags		: fpu vme de pse tsc msr pae mce cx8 apic sep mtrr pge mca cmov pat pse36 clflush mmx fxsr sse sse2 ht syscall nx mmxext fxsr_opt pdpe1gb rdtscp lm constant_tsc rep_good nopl nonstop_tsc cpuid extd_apicid aperfmperf rapl pni pclmulqdq monitor ssse3 fma cx16 sse4_1 sse4_2 movbe popcnt aes xsave avx f16c rdrand lahf_lm cmp_legacy svm extapic cr8_legacy abm sse4a misalignsse 3dnowprefetch osvw ibs skinit wdt tce topoext perfctr_core perfctr_nb bpext perfctr_llc mwaitx cpb cat_l3 cdp_l3 hw_pstate ssbd mba ibrs ibpb stibp vmmcall fsgsbase bmi1 avx2 smep bmi2 cqm rdt_a rdseed adx smap clflushopt clwb sha_ni xsaveopt xsavec xgetbv1 cqm_llc cqm_occup_llc cqm_mbm_total cqm_mbm_local clzero irperf xsaveerptr rdpru wbnoinvd cppc arat npt lbrv svm_lock nrip_save tsc_scale vmcb_clean flushbyasid decodeassists pausefilter pfthreshold avic v_vmsave_vmload vgif v_spec_ctrl umip rdpid overflow_recov succor smca

Online cpus: 0-15
Offline cpus: 
BIOS frequency limitation: 1700000
Frequency switch latency (ns): 0
Available cpu frequencies: 1700000 1600000 1400000 
Current governor: schedutil
Core performance/turbo boost: 1

Memory: 4k page, physical 15572064k(980652k free), swap 16777212k(9257580k free)
Page Sizes: 4k

vm_info: OpenJDK 64-Bit Server VM (17.0.16+8-Ubuntu-0ubuntu122.04.1) for linux-amd64 JRE (17.0.16+8-Ubuntu-0ubuntu122.04.1), built on Jul 17 2025 00:00:46 by "buildd" with gcc 11.4.0

END.
